[SeqCluCLI] Passed arguments are ['8', '3', '1', '["O","2","9","5","W"]', '[15,0.7,2.0,true,false]', '300', 'True', 'False', 'o295w'].
[SeqCluCLI] Class 'W': 44 instances.
[SeqCluCLI] Class 'O': 66 instances.
[SeqCluCLI] Class '2': 22 instances.
[SeqCluCLI] Class '5': 22 instances.
[SeqCluCLI] Class '9': 22 instances.
[SeqCluCLI] The number of sequences per class is <map object at 0x000001E5AD350B20>.
[SeqCluCLI] The total number of prototypes is 40.
[SeqCluCLI] The number of incoming sequences is 136.
[SeqCluCLI] The total number of sequences is 176.
[SeqCluCLI] Labels provided by data set are as follows.
['O', 'O', 'O', 'O', 'O', 'O', 'O', 'O', '2', '2', '2', '2', '2', '2', '2', '2', '9', '9', '9', '9', '9', '9', '9', '9', '5', '5', '5', '5', '5', '5', '5', '5', 'W', 'W', 'W', 'W', 'W', 'W', 'W', 'W', '2', 'W', 'W', 'O', 'O', '5', '2', 'O', '2', 'O', 'O', '9', '5', 'W', 'O', 'O', 'O', '5', 'O', '5', 'W', 'O', '5', 'O', 'O', 'W', '9', 'W', 'O', 'W', 'O', 'W', 'O', 'O', '2', 'W', 'O', 'O', 'O', '9', 'W', 'O', '9', 'O', '5', '5', '9', '5', '2', '9', 'W', 'O', 'W', 'O', 'O', 'O', 'O', '9', 'O', '9', '9', '2', '2', 'W', 'O', '9', 'O', '5', 'O', '5', 'W', 'O', 'O', 'O', 'W', 'W', 'O', '9', 'W', 'O', 'W', 'O', '2', 'O', 'O', 'O', '9', '5', 'W', '2', 'W', 'O', 'W', 'O', 'O', 'W', 'W', 'W', 'O', 'W', '2', 'W', '2', 'O', 'W', 'O', 'O', '2', 'W', 'W', 'O', 'O', 'O', '2', 'O', 'O', '5', 'W', 'W', 'O', 'O', 'O', '9', 'O', '5', 'O', '5', 'W', 'W', '2', '9', 'W', 'W', 'O', 'W', 'O']
[SeqCluCLI] Labels including sequence hashes provided by fake data source are as follows.
{'6756bc76': 'O', '74f89b04': 'O', '5ac133ba': 'O', '7420af12': 'O', '73691a6b': 'O', '2a64efc4': 'O', '9c479a03': 'O', 'adb1ff2e': 'O', '482fed89': '2', 'bf78cd68': '2', '76c30e17': '2', '472b7fc1': '2', '37a6ada9': '2', '89234e21': '2', '1332e09f': '2', '7913451a': '2', '69a451fd': '9', '03f9a7c2': '9', 'afb084b9': '9', '7b8a937e': '9', 'c3999a82': '9', 'a2c79076': '9', 'cedcc413': '9', '7ce0fa09': '9', '1a525726': '5', 'e9faa4cc': '5', 'eb1468b0': '5', 'e921b17e': '5', 'bbfa3eb0': '5', '77d9cb4e': '5', 'c417498f': '5', '3b071a8b': '5', '933deba4': 'W', '295ff276': 'W', 'bc2f57a1': 'W', '2ef44daf': 'W', '4f8ec214': 'W', '797a825c': 'W', '4cd6f30f': 'W', '80666255': 'W', '677f5e8b': '2', 'b74c2b1c': 'W', 'c2e5bc3b': 'W', 'e659dff6': 'O', '28ebbe0b': 'O', 'b21c84cb': '5', 'd8db634f': '2', '264ed0d0': 'O', 'd29216c8': '2', 'bd3f48df': 'O', '1d7d1496': 'O', 'beeebf86': '9', '0b371e7d': '5', '8dac6101': 'W', '6f193b31': 'O', '3e712c3b': 'O', 'cad8a262': 'O', '0755e139': '5', '43a42008': 'O', '3f0aa84b': '5', '4eb1df54': 'W', '2beceec1': 'O', 'edcd0ecc': '5', 'bde8aa4e': 'O', 'bdf4fda1': 'O', '349725c2': 'W', '4ccb3dd9': '9', '966109b0': 'W', '3162588d': 'O', '715332c9': 'W', '16ff79cb': 'O', 'eb657780': 'W', 'b784c4b6': 'O', 'ff24fe7c': 'O', 'a7fe6878': '2', 'b81c59f8': 'W', 'cc0a3483': 'O', '34f40742': 'O', '352889ef': 'O', '1a9e2f84': '9', '50969267': 'W', '17fc021f': 'O', '07d5a3ee': '9', '1fcd376a': 'O', 'cb30c29c': '5', '2becc972': '5', 'a0e0db58': '9', '2ca204ac': '5', '24acc8e9': '2', '396fca49': '9', '89a684ef': 'W', '473d46b8': 'O', 'dc24ab44': 'W', 'c590f4da': 'O', '73da52af': 'O', 'f0881bae': 'O', 'c0176f15': 'O', '7b3de861': '9', '23d1ab56': 'O', '52eafac6': '9', '1085e61d': '9', 'e0b646d4': '2', '9809d07f': '2', 'ba6e7c4a': 'W', 'ac173cf3': 'O', 'e6156839': '9', 'c326d118': 'O', 'ef7ca957': '5', '7e1a26ed': 'O', '84754bea': '5', '2371c6a2': 'W', '8a130fb7': 'O', 'efeedd1f': 'O', '4ef8ba57': 'O', 'cdf3709b': 'W', 'dae0ad4f': 'W', 'f3453d3c': 'O', '29d8b0f5': '9', 'a428da62': 'W', 'f418fa11': 'O', '4e152017': 'W', '6b5e11b4': 'O', '41cf05ef': '2', '859a6067': 'O', 'f08aaf85': 'O', '4ef46c45': 'O', 'b3c5643c': '9', '4f838114': '5', '2ca3d5cc': 'W', 'a37c250f': '2', '2e06ec79': 'W', '7a77582d': 'O', '7c4cd0d9': 'W', '6126b9c9': 'O', 'cda22c0d': 'O', '78ae25b3': 'W', '6e6e22ef': 'W', 'ef4f8324': 'W', 'bde6d686': 'O', '7a2e4832': 'W', '7b41ff90': '2', '03b429ad': 'W', 'e75c9aab': '2', '49b38b7f': 'O', '6b2cde41': 'W', '2ac321dd': 'O', '8df29f81': 'O', '1b1f4e89': '2', '199e6dc7': 'W', '449dbb2e': 'W', '3977b9db': 'O', '75ebc5d9': 'O', 'e36aa35d': 'O', '93a1ddc9': '2', '8ac4d5be': 'O', 'c64b021a': 'O', '3ead38b7': '5', '8d9c8fc1': 'W', 'e43d7d4f': 'W', 'dfec2275': 'O', 'd6d1473c': 'O', '3002d3e1': 'O', 'fa61df8d': '9', '0f79569b': 'O', '21b7fd73': '5', '94aa56a1': 'O', '4d52ec11': '5', 'ccbf955f': 'W', '31d1966f': 'W', '8d0e88b3': '2', '0dd66cc3': '9', '06e40d21': 'W', '4e2aa915': 'W', '0a10826d': 'O', '47d34cbb': 'W', 'a1264b54': 'O'}
[SeqClu] Iteration 1.
[SeqClu] Current index of data is 40.
[SeqClu] The number of elements that will be processed in this iteration is 1.
[SeqClu] Iteration 2.
[SeqClu] Current index of data is 41.
[SeqClu] The number of elements that will be processed in this iteration is 1.
[SeqClu] Iteration 3.
[SeqClu] Current index of data is 42.
[SeqClu] The number of elements that will be processed in this iteration is 1.
[SeqClu] Iteration 4.
[SeqClu] Current index of data is 43.
[SeqClu] The number of elements that will be processed in this iteration is 1.
[SeqClu] Iteration 5.
[SeqClu] Current index of data is 44.
[SeqClu] The number of elements that will be processed in this iteration is 1.
[SeqClu] Iteration 6.
[SeqClu] Current index of data is 45.
[SeqClu] The number of elements that will be processed in this iteration is 1.
[SeqClu] Iteration 7.
[SeqClu] Current index of data is 46.
[SeqClu] The number of elements that will be processed in this iteration is 1.
[SeqClu] Iteration 8.
[SeqClu] Current index of data is 47.
[SeqClu] The number of elements that will be processed in this iteration is 1.
[SeqClu] Iteration 9.
[SeqClu] Current index of data is 48.
[SeqClu] The number of elements that will be processed in this iteration is 1.
[SeqClu] Iteration 10.
[SeqClu] Current index of data is 49.
[SeqClu] The number of elements that will be processed in this iteration is 1.
[SeqClu] Iteration 11.
[SeqClu] Current index of data is 50.
[SeqClu] The number of elements that will be processed in this iteration is 1.
[SeqClu] Iteration 12.
[SeqClu] Current index of data is 51.
[SeqClu] The number of elements that will be processed in this iteration is 1.
[SeqClu] Iteration 13.
[SeqClu] Current index of data is 52.
[SeqClu] The number of elements that will be processed in this iteration is 1.
[SeqClu] Iteration 14.
[SeqClu] Current index of data is 53.
[SeqClu] The number of elements that will be processed in this iteration is 1.
[SeqClu] Iteration 15.
[SeqClu] Current index of data is 54.
[SeqClu] The number of elements that will be processed in this iteration is 1.
[SeqClu] Iteration 16.
[SeqClu] Current index of data is 55.
[SeqClu] The number of elements that will be processed in this iteration is 1.
[SeqClu] Iteration 17.
[SeqClu] Current index of data is 56.
[SeqClu] The number of elements that will be processed in this iteration is 1.
[SeqClu] Iteration 18.
[SeqClu] Current index of data is 57.
[SeqClu] The number of elements that will be processed in this iteration is 1.
[SeqClu] Iteration 19.
[SeqClu] Current index of data is 58.
[SeqClu] The number of elements that will be processed in this iteration is 1.
[SeqClu] Iteration 20.
[SeqClu] Current index of data is 59.
[SeqClu] The number of elements that will be processed in this iteration is 1.
[SeqClu] Iteration 21.
[SeqClu] Current index of data is 60.
[SeqClu] The number of elements that will be processed in this iteration is 1.
[SeqClu] Iteration 22.
[SeqClu] Current index of data is 61.
[SeqClu] The number of elements that will be processed in this iteration is 1.
[SeqClu] Iteration 23.
[SeqClu] Current index of data is 62.
[SeqClu] The number of elements that will be processed in this iteration is 1.
[SeqClu] Iteration 24.
[SeqClu] Current index of data is 63.
[SeqClu] The number of elements that will be processed in this iteration is 1.
[SeqClu] Iteration 25.
[SeqClu] Current index of data is 64.
[SeqClu] The number of elements that will be processed in this iteration is 1.
[SeqClu] Iteration 26.
[SeqClu] Current index of data is 65.
[SeqClu] The number of elements that will be processed in this iteration is 1.
[SeqClu] Iteration 27.
[SeqClu] Current index of data is 66.
[SeqClu] The number of elements that will be processed in this iteration is 1.
[SeqClu] Iteration 28.
[SeqClu] Current index of data is 67.
[SeqClu] The number of elements that will be processed in this iteration is 1.
[SeqClu] Iteration 29.
[SeqClu] Current index of data is 68.
[SeqClu] The number of elements that will be processed in this iteration is 1.
[SeqClu] Iteration 30.
[SeqClu] Current index of data is 69.
[SeqClu] The number of elements that will be processed in this iteration is 1.
[SeqClu] Iteration 31.
[SeqClu] Current index of data is 70.
[SeqClu] The number of elements that will be processed in this iteration is 1.
[SeqClu] Iteration 32.
[SeqClu] Current index of data is 71.
[SeqClu] The number of elements that will be processed in this iteration is 1.
[SeqClu] Iteration 33.
[SeqClu] Current index of data is 72.
[SeqClu] The number of elements that will be processed in this iteration is 1.
[SeqClu] Iteration 34.
[SeqClu] Current index of data is 73.
[SeqClu] The number of elements that will be processed in this iteration is 1.
[SeqClu] Iteration 35.
[SeqClu] Current index of data is 74.
[SeqClu] The number of elements that will be processed in this iteration is 1.
[SeqClu] Iteration 36.
[SeqClu] Current index of data is 75.
[SeqClu] The number of elements that will be processed in this iteration is 1.
[SeqClu] Iteration 37.
[SeqClu] Current index of data is 76.
[SeqClu] The number of elements that will be processed in this iteration is 1.
[SeqClu] Iteration 38.
[SeqClu] Current index of data is 77.
[SeqClu] The number of elements that will be processed in this iteration is 1.
[SeqClu] Iteration 39.
[SeqClu] Current index of data is 78.
[SeqClu] The number of elements that will be processed in this iteration is 1.
[SeqClu] Iteration 40.
[SeqClu] Current index of data is 79.
[SeqClu] The number of elements that will be processed in this iteration is 1.
[SeqClu] Iteration 41.
[SeqClu] Current index of data is 80.
[SeqClu] The number of elements that will be processed in this iteration is 1.
[SeqClu] Iteration 42.
[SeqClu] Current index of data is 81.
[SeqClu] The number of elements that will be processed in this iteration is 1.
[SeqClu] Iteration 43.
[SeqClu] Current index of data is 82.
[SeqClu] The number of elements that will be processed in this iteration is 1.
[SeqClu] Iteration 44.
[SeqClu] Current index of data is 83.
[SeqClu] The number of elements that will be processed in this iteration is 1.
[SeqClu] Iteration 45.
[SeqClu] Current index of data is 84.
[SeqClu] The number of elements that will be processed in this iteration is 1.
[SeqClu] Iteration 46.
[SeqClu] Current index of data is 85.
[SeqClu] The number of elements that will be processed in this iteration is 1.
[SeqClu] Iteration 47.
[SeqClu] Current index of data is 86.
[SeqClu] The number of elements that will be processed in this iteration is 1.
[SeqClu] Iteration 48.
[SeqClu] Current index of data is 87.
[SeqClu] The number of elements that will be processed in this iteration is 1.
[SeqClu] Iteration 49.
[SeqClu] Current index of data is 88.
[SeqClu] The number of elements that will be processed in this iteration is 1.
[SeqClu] Iteration 50.
[SeqClu] Current index of data is 89.
[SeqClu] The number of elements that will be processed in this iteration is 1.
[SeqClu] Iteration 51.
[SeqClu] Current index of data is 90.
[SeqClu] The number of elements that will be processed in this iteration is 1.
[SeqClu] Iteration 52.
[SeqClu] Current index of data is 91.
[SeqClu] The number of elements that will be processed in this iteration is 1.
[SeqClu] Iteration 53.
[SeqClu] Current index of data is 92.
[SeqClu] The number of elements that will be processed in this iteration is 1.
[SeqClu] Iteration 54.
[SeqClu] Current index of data is 93.
[SeqClu] The number of elements that will be processed in this iteration is 1.
[SeqClu] Iteration 55.
[SeqClu] Current index of data is 94.
[SeqClu] The number of elements that will be processed in this iteration is 1.
[SeqClu] Iteration 56.
[SeqClu] Current index of data is 95.
[SeqClu] The number of elements that will be processed in this iteration is 1.
[SeqClu] Iteration 57.
[SeqClu] Current index of data is 96.
[SeqClu] The number of elements that will be processed in this iteration is 1.
[SeqClu] Iteration 58.
[SeqClu] Current index of data is 97.
[SeqClu] The number of elements that will be processed in this iteration is 1.
[SeqClu] Iteration 59.
[SeqClu] Current index of data is 98.
[SeqClu] The number of elements that will be processed in this iteration is 1.
[SeqClu] Iteration 60.
[SeqClu] Current index of data is 99.
[SeqClu] The number of elements that will be processed in this iteration is 1.
[SeqClu] Iteration 61.
[SeqClu] Current index of data is 100.
[SeqClu] The number of elements that will be processed in this iteration is 1.
[SeqClu] Iteration 62.
[SeqClu] Current index of data is 101.
[SeqClu] The number of elements that will be processed in this iteration is 1.
[SeqClu] Iteration 63.
[SeqClu] Current index of data is 102.
[SeqClu] The number of elements that will be processed in this iteration is 1.
[SeqClu] Iteration 64.
[SeqClu] Current index of data is 103.
[SeqClu] The number of elements that will be processed in this iteration is 1.
[SeqClu] Iteration 65.
[SeqClu] Current index of data is 104.
[SeqClu] The number of elements that will be processed in this iteration is 1.
[SeqClu] Iteration 66.
[SeqClu] Current index of data is 105.
[SeqClu] The number of elements that will be processed in this iteration is 1.
[SeqClu] Iteration 67.
[SeqClu] Current index of data is 106.
[SeqClu] The number of elements that will be processed in this iteration is 1.
[SeqClu] Iteration 68.
[SeqClu] Current index of data is 107.
[SeqClu] The number of elements that will be processed in this iteration is 1.
[SeqClu] Iteration 69.
[SeqClu] Current index of data is 108.
[SeqClu] The number of elements that will be processed in this iteration is 1.
[SeqClu] Iteration 70.
[SeqClu] Current index of data is 109.
[SeqClu] The number of elements that will be processed in this iteration is 1.
[SeqClu] Iteration 71.
[SeqClu] Current index of data is 110.
[SeqClu] The number of elements that will be processed in this iteration is 1.
[SeqClu] Iteration 72.
[SeqClu] Current index of data is 111.
[SeqClu] The number of elements that will be processed in this iteration is 1.
[SeqClu] Iteration 73.
[SeqClu] Current index of data is 112.
[SeqClu] The number of elements that will be processed in this iteration is 1.
[SeqClu] Iteration 74.
[SeqClu] Current index of data is 113.
[SeqClu] The number of elements that will be processed in this iteration is 1.
[SeqClu] Iteration 75.
[SeqClu] Current index of data is 114.
[SeqClu] The number of elements that will be processed in this iteration is 1.
[SeqClu] Iteration 76.
[SeqClu] Current index of data is 115.
[SeqClu] The number of elements that will be processed in this iteration is 1.
[SeqClu] Iteration 77.
[SeqClu] Current index of data is 116.
[SeqClu] The number of elements that will be processed in this iteration is 1.
[SeqClu] Iteration 78.
[SeqClu] Current index of data is 117.
[SeqClu] The number of elements that will be processed in this iteration is 1.
[SeqClu] Iteration 79.
[SeqClu] Current index of data is 118.
[SeqClu] The number of elements that will be processed in this iteration is 1.
[SeqClu] Iteration 80.
[SeqClu] Current index of data is 119.
[SeqClu] The number of elements that will be processed in this iteration is 1.
[SeqClu] Iteration 81.
[SeqClu] Current index of data is 120.
[SeqClu] The number of elements that will be processed in this iteration is 1.
[SeqClu] Iteration 82.
[SeqClu] Current index of data is 121.
[SeqClu] The number of elements that will be processed in this iteration is 1.
[SeqClu] Iteration 83.
[SeqClu] Current index of data is 122.
[SeqClu] The number of elements that will be processed in this iteration is 1.
[SeqClu] Iteration 84.
[SeqClu] Current index of data is 123.
[SeqClu] The number of elements that will be processed in this iteration is 1.
[SeqClu] Iteration 85.
[SeqClu] Current index of data is 124.
[SeqClu] The number of elements that will be processed in this iteration is 1.
[SeqClu] Iteration 86.
[SeqClu] Current index of data is 125.
[SeqClu] The number of elements that will be processed in this iteration is 1.
[SeqClu] Iteration 87.
[SeqClu] Current index of data is 126.
[SeqClu] The number of elements that will be processed in this iteration is 1.
[SeqClu] Iteration 88.
[SeqClu] Current index of data is 127.
[SeqClu] The number of elements that will be processed in this iteration is 1.
[SeqClu] Iteration 89.
[SeqClu] Current index of data is 128.
[SeqClu] The number of elements that will be processed in this iteration is 1.
[SeqClu] Iteration 90.
[SeqClu] Current index of data is 129.
[SeqClu] The number of elements that will be processed in this iteration is 1.
[SeqClu] Iteration 91.
[SeqClu] Current index of data is 130.
[SeqClu] The number of elements that will be processed in this iteration is 1.
[SeqClu] Iteration 92.
[SeqClu] Current index of data is 131.
[SeqClu] The number of elements that will be processed in this iteration is 1.
[SeqClu] Iteration 93.
[SeqClu] Current index of data is 132.
[SeqClu] The number of elements that will be processed in this iteration is 1.
[SeqClu] Iteration 94.
[SeqClu] Current index of data is 133.
[SeqClu] The number of elements that will be processed in this iteration is 1.
[SeqClu] Iteration 95.
[SeqClu] Current index of data is 134.
[SeqClu] The number of elements that will be processed in this iteration is 1.
[SeqClu] Iteration 96.
[SeqClu] Current index of data is 135.
[SeqClu] The number of elements that will be processed in this iteration is 1.
[SeqClu] Iteration 97.
[SeqClu] Current index of data is 136.
[SeqClu] The number of elements that will be processed in this iteration is 1.
[SeqClu] Iteration 98.
[SeqClu] Current index of data is 137.
[SeqClu] The number of elements that will be processed in this iteration is 1.
[SeqClu] Iteration 99.
[SeqClu] Current index of data is 138.
[SeqClu] The number of elements that will be processed in this iteration is 1.
[SeqClu] Iteration 100.
[SeqClu] Current index of data is 139.
[SeqClu] The number of elements that will be processed in this iteration is 1.
[SeqClu] Iteration 101.
[SeqClu] Current index of data is 140.
[SeqClu] The number of elements that will be processed in this iteration is 1.
[SeqClu] Iteration 102.
[SeqClu] Current index of data is 141.
[SeqClu] The number of elements that will be processed in this iteration is 1.
[SeqClu] Iteration 103.
[SeqClu] Current index of data is 142.
[SeqClu] The number of elements that will be processed in this iteration is 1.
[SeqClu] Iteration 104.
[SeqClu] Current index of data is 143.
[SeqClu] The number of elements that will be processed in this iteration is 1.
[SeqClu] Iteration 105.
[SeqClu] Current index of data is 144.
[SeqClu] The number of elements that will be processed in this iteration is 1.
[SeqClu] Iteration 106.
[SeqClu] Current index of data is 145.
[SeqClu] The number of elements that will be processed in this iteration is 1.
[SeqClu] Iteration 107.
[SeqClu] Current index of data is 146.
[SeqClu] The number of elements that will be processed in this iteration is 1.
[SeqClu] Iteration 108.
[SeqClu] Current index of data is 147.
[SeqClu] The number of elements that will be processed in this iteration is 1.
[SeqClu] Iteration 109.
[SeqClu] Current index of data is 148.
[SeqClu] The number of elements that will be processed in this iteration is 1.
[SeqClu] Iteration 110.
[SeqClu] Current index of data is 149.
[SeqClu] The number of elements that will be processed in this iteration is 1.
[SeqClu] Iteration 111.
[SeqClu] Current index of data is 150.
[SeqClu] The number of elements that will be processed in this iteration is 1.
[SeqClu] Iteration 112.
[SeqClu] Current index of data is 151.
[SeqClu] The number of elements that will be processed in this iteration is 1.
[SeqClu] Iteration 113.
[SeqClu] Current index of data is 152.
[SeqClu] The number of elements that will be processed in this iteration is 1.
[SeqClu] Iteration 114.
[SeqClu] Current index of data is 153.
[SeqClu] The number of elements that will be processed in this iteration is 1.
[SeqClu] Iteration 115.
[SeqClu] Current index of data is 154.
[SeqClu] The number of elements that will be processed in this iteration is 1.
[SeqClu] Iteration 116.
[SeqClu] Current index of data is 155.
[SeqClu] The number of elements that will be processed in this iteration is 1.
[SeqClu] Iteration 117.
[SeqClu] Current index of data is 156.
[SeqClu] The number of elements that will be processed in this iteration is 1.
[SeqClu] Iteration 118.
[SeqClu] Current index of data is 157.
[SeqClu] The number of elements that will be processed in this iteration is 1.
[SeqClu] Iteration 119.
[SeqClu] Current index of data is 158.
[SeqClu] The number of elements that will be processed in this iteration is 1.
[SeqClu] Iteration 120.
[SeqClu] Current index of data is 159.
[SeqClu] The number of elements that will be processed in this iteration is 1.
[SeqClu] Iteration 121.
[SeqClu] Current index of data is 160.
[SeqClu] The number of elements that will be processed in this iteration is 1.
[SeqClu] Iteration 122.
[SeqClu] Current index of data is 161.
[SeqClu] The number of elements that will be processed in this iteration is 1.
[SeqClu] Iteration 123.
[SeqClu] Current index of data is 162.
[SeqClu] The number of elements that will be processed in this iteration is 1.
[SeqClu] Iteration 124.
[SeqClu] Current index of data is 163.
[SeqClu] The number of elements that will be processed in this iteration is 1.
[SeqClu] Iteration 125.
[SeqClu] Current index of data is 164.
[SeqClu] The number of elements that will be processed in this iteration is 1.
[SeqClu] Iteration 126.
[SeqClu] Current index of data is 165.
[SeqClu] The number of elements that will be processed in this iteration is 1.
[SeqClu] Iteration 127.
[SeqClu] Current index of data is 166.
[SeqClu] The number of elements that will be processed in this iteration is 1.
[SeqClu] Iteration 128.
[SeqClu] Current index of data is 167.
[SeqClu] The number of elements that will be processed in this iteration is 1.
[SeqClu] Iteration 129.
[SeqClu] Current index of data is 168.
[SeqClu] The number of elements that will be processed in this iteration is 1.
[SeqClu] Iteration 130.
[SeqClu] Current index of data is 169.
[SeqClu] The number of elements that will be processed in this iteration is 1.
[SeqClu] Iteration 131.
[SeqClu] Current index of data is 170.
[SeqClu] The number of elements that will be processed in this iteration is 1.
[SeqClu] Iteration 132.
[SeqClu] Current index of data is 171.
[SeqClu] The number of elements that will be processed in this iteration is 1.
[SeqClu] Iteration 133.
[SeqClu] Current index of data is 172.
[SeqClu] The number of elements that will be processed in this iteration is 1.
[SeqClu] Iteration 134.
[SeqClu] Current index of data is 173.
[SeqClu] The number of elements that will be processed in this iteration is 1.
[SeqClu] Iteration 135.
[SeqClu] Current index of data is 174.
[SeqClu] The number of elements that will be processed in this iteration is 1.
[SeqClu] Iteration 136.
[SeqClu] Current index of data is 175.
[SeqClu] The number of elements that will be processed in this iteration is 1.
[SeqClu] Iteration 137.
[SeqClu] Current index of data is 176.
[SeqClu] The number of elements that will be processed in this iteration is 1.
[SeqClu] The algorithm finished executing. Processing the buffer and returning...
[SeqCluBaselineOnline] The results of the implementation of SeqCluBaselineOnline are as follows.
[SeqCluBaselineOnline] The result provided by the 'SeqCluBaselineOnline' algorithm is as follows.
{'6756bc76': 'O', 'd6d1473c': 'O', 'a1264b54': 'O', '7420af12': 'O', 'bde8aa4e': 'O', 'ff24fe7c': 'O', '3002d3e1': 'O', 'c64b021a': 'O', '482fed89': '2', '8d0e88b3': '2', '76c30e17': '2', '472b7fc1': '2', '24acc8e9': '2', '93a1ddc9': '2', '1332e09f': '2', '7913451a': '2', '0dd66cc3': '9', 'e6156839': '9', 'afb084b9': '9', '7b8a937e': '9', 'c3999a82': '9', 'a2c79076': '9', '7b3de861': '9', '07d5a3ee': '9', '1a525726': '5', '21b7fd73': '5', 'eb1468b0': '5', 'e921b17e': '5', 'bbfa3eb0': '5', '77d9cb4e': '5', 'c417498f': '5', '3b071a8b': '5', 'eb657780': 'W', '349725c2': 'W', '47d34cbb': 'W', '89a684ef': 'W', '4f8ec214': 'W', 'dae0ad4f': 'W', '06e40d21': 'W', '7c4cd0d9': 'W', '37a6ada9': '2', '677f5e8b': '2', 'b74c2b1c': '2', '74f89b04': 'O', 'c2e5bc3b': 'O', 'e659dff6': 'O', 'adb1ff2e': 'O', '28ebbe0b': 'O', 'cedcc413': '9', 'b21c84cb': '9', 'd8db634f': '2', '264ed0d0': 'O', 'd29216c8': '2', 'bd3f48df': 'O', '73691a6b': 'O', '1d7d1496': 'O', 'beeebf86': '9', 'e9faa4cc': '5', '0b371e7d': '5', '2ef44daf': 'W', '8dac6101': 'W', '6f193b31': 'O', '3e712c3b': 'O', 'cad8a262': 'O', '0755e139': '9', '43a42008': 'O', '3f0aa84b': '5', '4eb1df54': 'O', '2beceec1': 'O', 'edcd0ecc': '9', '2a64efc4': 'O', 'bdf4fda1': 'O', '295ff276': 'W', '4ccb3dd9': '9', '966109b0': 'O', '3162588d': 'O', '715332c9': 'O', '16ff79cb': 'O', '933deba4': 'W', 'b784c4b6': 'O', 'a7fe6878': '2', '797a825c': 'W', 'b81c59f8': 'W', 'cc0a3483': 'O', '34f40742': 'O', '352889ef': 'O', '1a9e2f84': '9', 'bc2f57a1': 'W', '50969267': 'W', '17fc021f': 'O', '7ce0fa09': '9', '1fcd376a': 'O', 'cb30c29c': '5', '2becc972': '2', 'a0e0db58': 'O', '2ca204ac': 'O', '89234e21': '2', '396fca49': '2', '473d46b8': 'O', '80666255': 'W', 'dc24ab44': 'W', 'c590f4da': 'O', '73da52af': 'O', 'f0881bae': 'O', 'c0176f15': 'O', '23d1ab56': 'O', '03f9a7c2': '9', '52eafac6': '9', '1085e61d': 'O', 'e0b646d4': '2', '9809d07f': '2', 'ba6e7c4a': 'W', 'ac173cf3': 'O', 'c326d118': 'O', 'ef7ca957': '2', '7e1a26ed': 'O', '84754bea': '2', '2371c6a2': 'O', '8a130fb7': 'O', 'efeedd1f': 'O', '4ef8ba57': 'O', 'cdf3709b': 'W', 'f3453d3c': 'O', '29d8b0f5': '2', 'a428da62': 'W', '69a451fd': '9', 'f418fa11': '9', '4e152017': 'W', '6b5e11b4': 'O', '41cf05ef': '2', '859a6067': 'O', 'f08aaf85': 'O', '4ef46c45': 'O', 'b3c5643c': '2', '4f838114': 'O', '2ca3d5cc': 'W', 'a37c250f': '2', '2e06ec79': '9', '7a77582d': 'O', '6126b9c9': 'O', 'cda22c0d': 'O', '78ae25b3': 'W', '4cd6f30f': 'W', '6e6e22ef': 'W', 'ef4f8324': 'W', 'bde6d686': 'O', '7a2e4832': 'W', '7b41ff90': '2', '03b429ad': 'W', 'e75c9aab': '2', '49b38b7f': 'O', '6b2cde41': 'W', '2ac321dd': 'O', '8df29f81': 'W', '1b1f4e89': '2', '199e6dc7': 'W', '449dbb2e': 'W', '3977b9db': 'O', '75ebc5d9': 'O', 'e36aa35d': 'O', '8ac4d5be': 'O', 'bf78cd68': '2', '3ead38b7': '2', '8d9c8fc1': 'W', 'e43d7d4f': 'W', 'dfec2275': 'O', '9c479a03': 'O', 'fa61df8d': '9', '5ac133ba': 'O', '0f79569b': 'O', '94aa56a1': 'O', '4d52ec11': 'O', 'ccbf955f': 'W', '31d1966f': 'W', '4e2aa915': 'W', '0a10826d': 'O'}
[SeqCluBaselineOnline] The amount of labels provided is 176.
[SeqCluBaselineOnline] The amount of correct predictions is 152.
[SeqClu] The algorithm made 24 out of 176 mistakes.
[SeqClu] The amount of times the distance computation has been called is 5580.
[SeqClu] the SeqCluBaselineOnline algorithm took 111.4389476 seconds to complete.
[SeqClu] The clustering accuracy is therefore 0.8636363636363636
[SeqClu] The F1 score (macro) is 0.8282976420996506
[SeqClu] The F1 score (micro) is 0.8636363636363636
[SeqClu] The F1 score (weighted) is 0.8590623329324907
[SeqClu] The prototype hashes are [['6756bc76', '7420af12', 'bde8aa4e', 'ff24fe7c', 'c64b021a', 'd6d1473c', '3002d3e1', 'a1264b54'], ['482fed89', '76c30e17', '472b7fc1', '1332e09f', '7913451a', '24acc8e9', '93a1ddc9', '8d0e88b3'], ['afb084b9', '7b8a937e', 'c3999a82', 'a2c79076', '07d5a3ee', '7b3de861', 'e6156839', '0dd66cc3'], ['1a525726', 'eb1468b0', 'e921b17e', 'bbfa3eb0', '77d9cb4e', 'c417498f', '3b071a8b', '21b7fd73'], ['4f8ec214', '349725c2', 'eb657780', '89a684ef', 'dae0ad4f', '7c4cd0d9', '06e40d21', '47d34cbb']]
[SeqCluCSV] 5580,111.4389476,0.8636363636363636,0.8282976420996506,0.8636363636363636,0.8590623329324907
[SeqClu] PrototypeAccuracy 0.375
[SeqClu] Iteration 1.
[SeqClu] Current index of data is 0.
[SeqClu] The number of elements that will be processed in this iteration is 1.
[SeqClu] Iteration 2.
[SeqClu] Current index of data is 1.
[SeqClu] The number of elements that will be processed in this iteration is 1.
[SeqClu] Iteration 3.
[SeqClu] Current index of data is 2.
[SeqClu] The number of elements that will be processed in this iteration is 1.
[SeqClu] Prototypes have been representative initialized at tick 2 with 3 and 0
[SeqClu] Iteration 4.
[SeqClu] Current index of data is 3.
[SeqClu] The number of elements that will be processed in this iteration is 1.
[SeqClu] Prototypes have been representative initialized at tick 3 with 3 and 1
[SeqClu] Iteration 5.
[SeqClu] Current index of data is 4.
[SeqClu] The number of elements that will be processed in this iteration is 1.
[SeqClu] Prototypes have been representative initialized at tick 4 with 3 and 2
[SeqClu] Iteration 6.
[SeqClu] Current index of data is 5.
[SeqClu] The number of elements that will be processed in this iteration is 1.
[SeqClu] Prototypes have been representative initialized at tick 5 with 3 and 3
[SeqClu] Iteration 7.
[SeqClu] Current index of data is 6.
[SeqClu] The number of elements that will be processed in this iteration is 1.
[SeqClu] Prototypes have been representative initialized at tick 6 with 3 and 4
[SeqClu] Iteration 8.
[SeqClu] Current index of data is 7.
[SeqClu] The number of elements that will be processed in this iteration is 1.
[SeqClu] Prototypes have been representative initialized at tick 7 with 3 and 5
[SeqClu] Prototypes have been fully initialized at tick 7 with 3 and 5
[SeqClu] Iteration 9.
[SeqClu] Current index of data is 8.
[SeqClu] The number of elements that will be processed in this iteration is 1.
[SeqClu] Iteration 10.
[SeqClu] Current index of data is 9.
[SeqClu] The number of elements that will be processed in this iteration is 1.
[SeqClu] Iteration 11.
[SeqClu] Current index of data is 10.
[SeqClu] The number of elements that will be processed in this iteration is 1.
[SeqClu] Prototypes have been representative initialized at tick 10 with 3 and 0
[SeqClu] Iteration 12.
[SeqClu] Current index of data is 11.
[SeqClu] The number of elements that will be processed in this iteration is 1.
[SeqClu] Prototypes have been representative initialized at tick 11 with 3 and 1
[SeqClu] Iteration 13.
[SeqClu] Current index of data is 12.
[SeqClu] The number of elements that will be processed in this iteration is 1.
[SeqClu] Prototypes have been representative initialized at tick 12 with 3 and 2
[SeqClu] Iteration 14.
[SeqClu] Current index of data is 13.
[SeqClu] The number of elements that will be processed in this iteration is 1.
[SeqClu] Prototypes have been representative initialized at tick 13 with 3 and 3
[SeqClu] Iteration 15.
[SeqClu] Current index of data is 14.
[SeqClu] The number of elements that will be processed in this iteration is 1.
[SeqClu] Prototypes have been representative initialized at tick 14 with 3 and 4
[SeqClu] Iteration 16.
[SeqClu] Current index of data is 15.
[SeqClu] The number of elements that will be processed in this iteration is 1.
[SeqClu] Prototypes have been representative initialized at tick 15 with 3 and 5
[SeqClu] Prototypes have been fully initialized at tick 15 with 3 and 5
[SeqClu] Iteration 17.
[SeqClu] Current index of data is 16.
[SeqClu] The number of elements that will be processed in this iteration is 1.
[SeqClu] Iteration 18.
[SeqClu] Current index of data is 17.
[SeqClu] The number of elements that will be processed in this iteration is 1.
[SeqClu] Iteration 19.
[SeqClu] Current index of data is 18.
[SeqClu] The number of elements that will be processed in this iteration is 1.
[SeqClu] Prototypes have been representative initialized at tick 18 with 3 and 0
[SeqClu] Iteration 20.
[SeqClu] Current index of data is 19.
[SeqClu] The number of elements that will be processed in this iteration is 1.
[SeqClu] Prototypes have been representative initialized at tick 19 with 3 and 1
[SeqClu] Iteration 21.
[SeqClu] Current index of data is 20.
[SeqClu] The number of elements that will be processed in this iteration is 1.
[SeqClu] Prototypes have been representative initialized at tick 20 with 3 and 2
[SeqClu] Iteration 22.
[SeqClu] Current index of data is 21.
[SeqClu] The number of elements that will be processed in this iteration is 1.
[SeqClu] Prototypes have been representative initialized at tick 21 with 3 and 3
[SeqClu] Iteration 23.
[SeqClu] Current index of data is 22.
[SeqClu] The number of elements that will be processed in this iteration is 1.
[SeqClu] Prototypes have been representative initialized at tick 22 with 3 and 4
[SeqClu] Iteration 24.
[SeqClu] Current index of data is 23.
[SeqClu] The number of elements that will be processed in this iteration is 1.
[SeqClu] Prototypes have been representative initialized at tick 23 with 3 and 5
[SeqClu] Prototypes have been fully initialized at tick 23 with 3 and 5
[SeqClu] Iteration 25.
[SeqClu] Current index of data is 24.
[SeqClu] The number of elements that will be processed in this iteration is 1.
[SeqClu] Iteration 26.
[SeqClu] Current index of data is 25.
[SeqClu] The number of elements that will be processed in this iteration is 1.
[SeqClu] Iteration 27.
[SeqClu] Current index of data is 26.
[SeqClu] The number of elements that will be processed in this iteration is 1.
[SeqClu] Prototypes have been representative initialized at tick 26 with 3 and 0
[SeqClu] Iteration 28.
[SeqClu] Current index of data is 27.
[SeqClu] The number of elements that will be processed in this iteration is 1.
[SeqClu] Prototypes have been representative initialized at tick 27 with 3 and 1
[SeqClu] Iteration 29.
[SeqClu] Current index of data is 28.
[SeqClu] The number of elements that will be processed in this iteration is 1.
[SeqClu] Prototypes have been representative initialized at tick 28 with 3 and 2
[SeqClu] Iteration 30.
[SeqClu] Current index of data is 29.
[SeqClu] The number of elements that will be processed in this iteration is 1.
[SeqClu] Prototypes have been representative initialized at tick 29 with 3 and 3
[SeqClu] Iteration 31.
[SeqClu] Current index of data is 30.
[SeqClu] The number of elements that will be processed in this iteration is 1.
[SeqClu] Prototypes have been representative initialized at tick 30 with 3 and 4
[SeqClu] Iteration 32.
[SeqClu] Current index of data is 31.
[SeqClu] The number of elements that will be processed in this iteration is 1.
[SeqClu] Prototypes have been representative initialized at tick 31 with 3 and 5
[SeqClu] Prototypes have been fully initialized at tick 31 with 3 and 5
[SeqClu] Iteration 33.
[SeqClu] Current index of data is 32.
[SeqClu] The number of elements that will be processed in this iteration is 1.
[SeqClu] Iteration 34.
[SeqClu] Current index of data is 33.
[SeqClu] The number of elements that will be processed in this iteration is 1.
[SeqClu] Iteration 35.
[SeqClu] Current index of data is 34.
[SeqClu] The number of elements that will be processed in this iteration is 1.
[SeqClu] Prototypes have been representative initialized at tick 34 with 3 and 0
[SeqClu] Iteration 36.
[SeqClu] Current index of data is 35.
[SeqClu] The number of elements that will be processed in this iteration is 1.
[SeqClu] Prototypes have been representative initialized at tick 35 with 3 and 1
[SeqClu] Iteration 37.
[SeqClu] Current index of data is 36.
[SeqClu] The number of elements that will be processed in this iteration is 1.
[SeqClu] Prototypes have been representative initialized at tick 36 with 3 and 2
[SeqClu] Iteration 38.
[SeqClu] Current index of data is 37.
[SeqClu] The number of elements that will be processed in this iteration is 1.
[SeqClu] Prototypes have been representative initialized at tick 37 with 3 and 3
[SeqClu] Iteration 39.
[SeqClu] Current index of data is 38.
[SeqClu] The number of elements that will be processed in this iteration is 1.
[SeqClu] Prototypes have been representative initialized at tick 38 with 3 and 4
[SeqClu] Iteration 40.
[SeqClu] Current index of data is 39.
[SeqClu] The number of elements that will be processed in this iteration is 1.
[SeqClu] Prototypes have been representative initialized at tick 39 with 3 and 5
[SeqClu] Prototypes have been fully initialized at tick 39 with 3 and 5
[SeqClu] Iteration 41.
[SeqClu] Current index of data is 40.
[SeqClu] The number of elements that will be processed in this iteration is 1.
[SeqClu] Candidacy determined [].
[SeqClu] Iteration 42.
[SeqClu] Current index of data is 41.
[SeqClu] The number of elements that will be processed in this iteration is 1.
[SeqClu] Candidacy determined [].
[SeqClu] Iteration 43.
[SeqClu] Current index of data is 42.
[SeqClu] The number of elements that will be processed in this iteration is 1.
[SeqClu] Candidacy determined [].
[SeqClu] Iteration 44.
[SeqClu] Current index of data is 43.
[SeqClu] The number of elements that will be processed in this iteration is 1.
[SeqClu] Candidacy determined [].
[SeqClu] Iteration 45.
[SeqClu] Current index of data is 44.
[SeqClu] The number of elements that will be processed in this iteration is 1.
[SeqClu] Candidacy determined [].
[SeqClu] Iteration 46.
[SeqClu] Current index of data is 45.
[SeqClu] The number of elements that will be processed in this iteration is 1.
[SeqClu] Candidacy determined [].
[SeqClu] Iteration 47.
[SeqClu] Current index of data is 46.
[SeqClu] The number of elements that will be processed in this iteration is 1.
[SeqClu] Candidacy determined [2].
[SeqClu] Forcefully emptying buffer...
[SeqClu] Updating prototypes...
[SeqClu] Iteration 48.
[SeqClu] Current index of data is 47.
[SeqClu] The number of elements that will be processed in this iteration is 1.
[SeqClu] Candidacy determined [].
[SeqClu] Iteration 49.
[SeqClu] Current index of data is 48.
[SeqClu] The number of elements that will be processed in this iteration is 1.
[SeqClu] Candidacy determined [].
[SeqClu] Iteration 50.
[SeqClu] Current index of data is 49.
[SeqClu] The number of elements that will be processed in this iteration is 1.
[SeqClu] Candidacy determined [].
[SeqClu] Iteration 51.
[SeqClu] Current index of data is 50.
[SeqClu] The number of elements that will be processed in this iteration is 1.
[SeqClu] Candidacy determined [].
[SeqClu] Iteration 52.
[SeqClu] Current index of data is 51.
[SeqClu] The number of elements that will be processed in this iteration is 1.
[SeqClu] Candidacy determined [].
[SeqClu] Iteration 53.
[SeqClu] Current index of data is 52.
[SeqClu] The number of elements that will be processed in this iteration is 1.
[SeqClu] Candidacy determined [].
[SeqClu] Iteration 54.
[SeqClu] Current index of data is 53.
[SeqClu] The number of elements that will be processed in this iteration is 1.
[SeqClu] Candidacy determined [4].
[SeqClu] Forcefully emptying buffer...
[SeqClu] Updating prototypes...
[SeqClu] Iteration 55.
[SeqClu] Current index of data is 54.
[SeqClu] The number of elements that will be processed in this iteration is 1.
[SeqClu] Candidacy determined [].
[SeqClu] Iteration 56.
[SeqClu] Current index of data is 55.
[SeqClu] The number of elements that will be processed in this iteration is 1.
[SeqClu] Candidacy determined [].
[SeqClu] Iteration 57.
[SeqClu] Current index of data is 56.
[SeqClu] The number of elements that will be processed in this iteration is 1.
[SeqClu] Candidacy determined [].
[SeqClu] Iteration 58.
[SeqClu] Current index of data is 57.
[SeqClu] The number of elements that will be processed in this iteration is 1.
[SeqClu] Candidacy determined [].
[SeqClu] Iteration 59.
[SeqClu] Current index of data is 58.
[SeqClu] The number of elements that will be processed in this iteration is 1.
[SeqClu] Candidacy determined [].
[SeqClu] Iteration 60.
[SeqClu] Current index of data is 59.
[SeqClu] The number of elements that will be processed in this iteration is 1.
[SeqClu] Candidacy determined [].
[SeqClu] Iteration 61.
[SeqClu] Current index of data is 60.
[SeqClu] The number of elements that will be processed in this iteration is 1.
[SeqClu] Candidacy determined [].
[SeqClu] Iteration 62.
[SeqClu] Current index of data is 61.
[SeqClu] The number of elements that will be processed in this iteration is 1.
[SeqClu] Candidacy determined [].
[SeqClu] Iteration 63.
[SeqClu] Current index of data is 62.
[SeqClu] The number of elements that will be processed in this iteration is 1.
[SeqClu] Candidacy determined [].
[SeqClu] Iteration 64.
[SeqClu] Current index of data is 63.
[SeqClu] The number of elements that will be processed in this iteration is 1.
[SeqClu] Candidacy determined [0, 3].
[SeqClu] Forcefully emptying buffer...
[SeqClu] Updating prototypes...
[SeqClu] Updating prototypes...
[SeqClu] Iteration 65.
[SeqClu] Current index of data is 64.
[SeqClu] The number of elements that will be processed in this iteration is 1.
[SeqClu] Candidacy determined [].
[SeqClu] Iteration 66.
[SeqClu] Current index of data is 65.
[SeqClu] The number of elements that will be processed in this iteration is 1.
[SeqClu] Candidacy determined [4].
[SeqClu] Forcefully emptying buffer...
[SeqClu] Updating prototypes...
[SeqClu] Iteration 67.
[SeqClu] Current index of data is 66.
[SeqClu] The number of elements that will be processed in this iteration is 1.
[SeqClu] Candidacy determined [].
[SeqClu] Iteration 68.
[SeqClu] Current index of data is 67.
[SeqClu] The number of elements that will be processed in this iteration is 1.
[SeqClu] Candidacy determined [].
[SeqClu] Iteration 69.
[SeqClu] Current index of data is 68.
[SeqClu] The number of elements that will be processed in this iteration is 1.
[SeqClu] Candidacy determined [].
[SeqClu] Iteration 70.
[SeqClu] Current index of data is 69.
[SeqClu] The number of elements that will be processed in this iteration is 1.
[SeqClu] Candidacy determined [].
[SeqClu] Iteration 71.
[SeqClu] Current index of data is 70.
[SeqClu] The number of elements that will be processed in this iteration is 1.
[SeqClu] Candidacy determined [].
[SeqClu] Iteration 72.
[SeqClu] Current index of data is 71.
[SeqClu] The number of elements that will be processed in this iteration is 1.
[SeqClu] Candidacy determined [4].
[SeqClu] Forcefully emptying buffer...
[SeqClu] Updating prototypes...
[SeqClu] Iteration 73.
[SeqClu] Current index of data is 72.
[SeqClu] The number of elements that will be processed in this iteration is 1.
[SeqClu] Candidacy determined [].
[SeqClu] Iteration 74.
[SeqClu] Current index of data is 73.
[SeqClu] The number of elements that will be processed in this iteration is 1.
[SeqClu] Candidacy determined [0, 3].
[SeqClu] Forcefully emptying buffer...
[SeqClu] Updating prototypes...
[SeqClu] Updating prototypes...
[SeqClu] Iteration 75.
[SeqClu] Current index of data is 74.
[SeqClu] The number of elements that will be processed in this iteration is 1.
[SeqClu] Candidacy determined [].
[SeqClu] Iteration 76.
[SeqClu] Current index of data is 75.
[SeqClu] The number of elements that will be processed in this iteration is 1.
[SeqClu] Candidacy determined [4].
[SeqClu] Forcefully emptying buffer...
[SeqClu] Updating prototypes...
[SeqClu] Iteration 77.
[SeqClu] Current index of data is 76.
[SeqClu] The number of elements that will be processed in this iteration is 1.
[SeqClu] Candidacy determined [].
[SeqClu] Iteration 78.
[SeqClu] Current index of data is 77.
[SeqClu] The number of elements that will be processed in this iteration is 1.
[SeqClu] Candidacy determined [].
[SeqClu] Iteration 79.
[SeqClu] Current index of data is 78.
[SeqClu] The number of elements that will be processed in this iteration is 1.
[SeqClu] Candidacy determined [].
[SeqClu] Iteration 80.
[SeqClu] Current index of data is 79.
[SeqClu] The number of elements that will be processed in this iteration is 1.
[SeqClu] Candidacy determined [].
[SeqClu] Iteration 81.
[SeqClu] Current index of data is 80.
[SeqClu] The number of elements that will be processed in this iteration is 1.
[SeqClu] Candidacy determined [4].
[SeqClu] Forcefully emptying buffer...
[SeqClu] Updating prototypes...
[SeqClu] Iteration 82.
[SeqClu] Current index of data is 81.
[SeqClu] The number of elements that will be processed in this iteration is 1.
[SeqClu] Candidacy determined [3].
[SeqClu] Forcefully emptying buffer...
[SeqClu] Updating prototypes...
[SeqClu] Iteration 83.
[SeqClu] Current index of data is 82.
[SeqClu] The number of elements that will be processed in this iteration is 1.
[SeqClu] Candidacy determined [2].
[SeqClu] Forcefully emptying buffer...
[SeqClu] Updating prototypes...
[SeqClu] Iteration 84.
[SeqClu] Current index of data is 83.
[SeqClu] The number of elements that will be processed in this iteration is 1.
[SeqClu] Candidacy determined [3].
[SeqClu] Forcefully emptying buffer...
[SeqClu] Updating prototypes...
[SeqClu] Iteration 85.
[SeqClu] Current index of data is 84.
[SeqClu] The number of elements that will be processed in this iteration is 1.
[SeqClu] Candidacy determined [].
[SeqClu] Iteration 86.
[SeqClu] Current index of data is 85.
[SeqClu] The number of elements that will be processed in this iteration is 1.
[SeqClu] Candidacy determined [2].
[SeqClu] Forcefully emptying buffer...
[SeqClu] Updating prototypes...
[SeqClu] Iteration 87.
[SeqClu] Current index of data is 86.
[SeqClu] The number of elements that will be processed in this iteration is 1.
[SeqClu] Candidacy determined [].
[SeqClu] Iteration 88.
[SeqClu] Current index of data is 87.
[SeqClu] The number of elements that will be processed in this iteration is 1.
[SeqClu] Candidacy determined [].
[SeqClu] Iteration 89.
[SeqClu] Current index of data is 88.
[SeqClu] The number of elements that will be processed in this iteration is 1.
[SeqClu] Candidacy determined [].
[SeqClu] Iteration 90.
[SeqClu] Current index of data is 89.
[SeqClu] The number of elements that will be processed in this iteration is 1.
[SeqClu] Candidacy determined [].
[SeqClu] Iteration 91.
[SeqClu] Current index of data is 90.
[SeqClu] The number of elements that will be processed in this iteration is 1.
[SeqClu] Candidacy determined [4].
[SeqClu] Forcefully emptying buffer...
[SeqClu] Updating prototypes...
[SeqClu] Iteration 92.
[SeqClu] Current index of data is 91.
[SeqClu] The number of elements that will be processed in this iteration is 1.
[SeqClu] Candidacy determined [].
[SeqClu] Iteration 93.
[SeqClu] Current index of data is 92.
[SeqClu] The number of elements that will be processed in this iteration is 1.
[SeqClu] Candidacy determined [].
[SeqClu] Iteration 94.
[SeqClu] Current index of data is 93.
[SeqClu] The number of elements that will be processed in this iteration is 1.
[SeqClu] Candidacy determined [].
[SeqClu] Iteration 95.
[SeqClu] Current index of data is 94.
[SeqClu] The number of elements that will be processed in this iteration is 1.
[SeqClu] Candidacy determined [3].
[SeqClu] Forcefully emptying buffer...
[SeqClu] Updating prototypes...
[SeqClu] Iteration 96.
[SeqClu] Current index of data is 95.
[SeqClu] The number of elements that will be processed in this iteration is 1.
[SeqClu] Candidacy determined [3].
[SeqClu] Forcefully emptying buffer...
[SeqClu] Updating prototypes...
[SeqClu] Iteration 97.
[SeqClu] Current index of data is 96.
[SeqClu] The number of elements that will be processed in this iteration is 1.
[SeqClu] Candidacy determined [].
[SeqClu] Iteration 98.
[SeqClu] Current index of data is 97.
[SeqClu] The number of elements that will be processed in this iteration is 1.
[SeqClu] Candidacy determined [2].
[SeqClu] Forcefully emptying buffer...
[SeqClu] Updating prototypes...
[SeqClu] Iteration 99.
[SeqClu] Current index of data is 98.
[SeqClu] The number of elements that will be processed in this iteration is 1.
[SeqClu] Candidacy determined [].
[SeqClu] Iteration 100.
[SeqClu] Current index of data is 99.
[SeqClu] The number of elements that will be processed in this iteration is 1.
[SeqClu] Candidacy determined [].
[SeqClu] Iteration 101.
[SeqClu] Current index of data is 100.
[SeqClu] The number of elements that will be processed in this iteration is 1.
[SeqClu] Candidacy determined [].
[SeqClu] Iteration 102.
[SeqClu] Current index of data is 101.
[SeqClu] The number of elements that will be processed in this iteration is 1.
[SeqClu] Candidacy determined [].
[SeqClu] Iteration 103.
[SeqClu] Current index of data is 102.
[SeqClu] The number of elements that will be processed in this iteration is 1.
[SeqClu] Candidacy determined [].
[SeqClu] Iteration 104.
[SeqClu] Current index of data is 103.
[SeqClu] The number of elements that will be processed in this iteration is 1.
[SeqClu] Candidacy determined [].
[SeqClu] Iteration 105.
[SeqClu] Current index of data is 104.
[SeqClu] The number of elements that will be processed in this iteration is 1.
[SeqClu] Candidacy determined [].
[SeqClu] Iteration 106.
[SeqClu] Current index of data is 105.
[SeqClu] The number of elements that will be processed in this iteration is 1.
[SeqClu] Candidacy determined [].
[SeqClu] Iteration 107.
[SeqClu] Current index of data is 106.
[SeqClu] The number of elements that will be processed in this iteration is 1.
[SeqClu] Candidacy determined [].
[SeqClu] Iteration 108.
[SeqClu] Current index of data is 107.
[SeqClu] The number of elements that will be processed in this iteration is 1.
[SeqClu] Candidacy determined [].
[SeqClu] Iteration 109.
[SeqClu] Current index of data is 108.
[SeqClu] The number of elements that will be processed in this iteration is 1.
[SeqClu] Candidacy determined [0, 3].
[SeqClu] Forcefully emptying buffer...
[SeqClu] Updating prototypes...
[SeqClu] Updating prototypes...
[SeqClu] Iteration 110.
[SeqClu] Current index of data is 109.
[SeqClu] The number of elements that will be processed in this iteration is 1.
[SeqClu] Candidacy determined [].
[SeqClu] Iteration 111.
[SeqClu] Current index of data is 110.
[SeqClu] The number of elements that will be processed in this iteration is 1.
[SeqClu] Candidacy determined [].
[SeqClu] Iteration 112.
[SeqClu] Current index of data is 111.
[SeqClu] The number of elements that will be processed in this iteration is 1.
[SeqClu] Candidacy determined [].
[SeqClu] Iteration 113.
[SeqClu] Current index of data is 112.
[SeqClu] The number of elements that will be processed in this iteration is 1.
[SeqClu] Candidacy determined [].
[SeqClu] Iteration 114.
[SeqClu] Current index of data is 113.
[SeqClu] The number of elements that will be processed in this iteration is 1.
[SeqClu] Candidacy determined [].
[SeqClu] Iteration 115.
[SeqClu] Current index of data is 114.
[SeqClu] The number of elements that will be processed in this iteration is 1.
[SeqClu] Candidacy determined [].
[SeqClu] Iteration 116.
[SeqClu] Current index of data is 115.
[SeqClu] The number of elements that will be processed in this iteration is 1.
[SeqClu] Candidacy determined [4].
[SeqClu] Forcefully emptying buffer...
[SeqClu] Updating prototypes...
[SeqClu] Iteration 117.
[SeqClu] Current index of data is 116.
[SeqClu] The number of elements that will be processed in this iteration is 1.
[SeqClu] Candidacy determined [].
[SeqClu] Iteration 118.
[SeqClu] Current index of data is 117.
[SeqClu] The number of elements that will be processed in this iteration is 1.
[SeqClu] Candidacy determined [].
[SeqClu] Iteration 119.
[SeqClu] Current index of data is 118.
[SeqClu] The number of elements that will be processed in this iteration is 1.
[SeqClu] Candidacy determined [].
[SeqClu] Iteration 120.
[SeqClu] Current index of data is 119.
[SeqClu] The number of elements that will be processed in this iteration is 1.
[SeqClu] Candidacy determined [].
[SeqClu] Iteration 121.
[SeqClu] Current index of data is 120.
[SeqClu] The number of elements that will be processed in this iteration is 1.
[SeqClu] Candidacy determined [].
[SeqClu] Iteration 122.
[SeqClu] Current index of data is 121.
[SeqClu] The number of elements that will be processed in this iteration is 1.
[SeqClu] Candidacy determined [3].
[SeqClu] Forcefully emptying buffer...
[SeqClu] Updating prototypes...
[SeqClu] Iteration 123.
[SeqClu] Current index of data is 122.
[SeqClu] The number of elements that will be processed in this iteration is 1.
[SeqClu] Candidacy determined [].
[SeqClu] Iteration 124.
[SeqClu] Current index of data is 123.
[SeqClu] The number of elements that will be processed in this iteration is 1.
[SeqClu] Candidacy determined [].
[SeqClu] Iteration 125.
[SeqClu] Current index of data is 124.
[SeqClu] The number of elements that will be processed in this iteration is 1.
[SeqClu] Candidacy determined [3].
[SeqClu] Forcefully emptying buffer...
[SeqClu] Updating prototypes...
[SeqClu] Iteration 126.
[SeqClu] Current index of data is 125.
[SeqClu] The number of elements that will be processed in this iteration is 1.
[SeqClu] Candidacy determined [].
[SeqClu] Iteration 127.
[SeqClu] Current index of data is 126.
[SeqClu] The number of elements that will be processed in this iteration is 1.
[SeqClu] Candidacy determined [].
[SeqClu] Iteration 128.
[SeqClu] Current index of data is 127.
[SeqClu] The number of elements that will be processed in this iteration is 1.
[SeqClu] Candidacy determined [].
[SeqClu] Iteration 129.
[SeqClu] Current index of data is 128.
[SeqClu] The number of elements that will be processed in this iteration is 1.
[SeqClu] Candidacy determined [].
[SeqClu] Iteration 130.
[SeqClu] Current index of data is 129.
[SeqClu] The number of elements that will be processed in this iteration is 1.
[SeqClu] Candidacy determined [].
[SeqClu] Iteration 131.
[SeqClu] Current index of data is 130.
[SeqClu] The number of elements that will be processed in this iteration is 1.
[SeqClu] Candidacy determined [].
[SeqClu] Iteration 132.
[SeqClu] Current index of data is 131.
[SeqClu] The number of elements that will be processed in this iteration is 1.
[SeqClu] Candidacy determined [3].
[SeqClu] Forcefully emptying buffer...
[SeqClu] Updating prototypes...
[SeqClu] Iteration 133.
[SeqClu] Current index of data is 132.
[SeqClu] The number of elements that will be processed in this iteration is 1.
[SeqClu] Candidacy determined [].
[SeqClu] Iteration 134.
[SeqClu] Current index of data is 133.
[SeqClu] The number of elements that will be processed in this iteration is 1.
[SeqClu] Candidacy determined [].
[SeqClu] Iteration 135.
[SeqClu] Current index of data is 134.
[SeqClu] The number of elements that will be processed in this iteration is 1.
[SeqClu] Candidacy determined [].
[SeqClu] Iteration 136.
[SeqClu] Current index of data is 135.
[SeqClu] The number of elements that will be processed in this iteration is 1.
[SeqClu] Candidacy determined [].
[SeqClu] Iteration 137.
[SeqClu] Current index of data is 136.
[SeqClu] The number of elements that will be processed in this iteration is 1.
[SeqClu] Candidacy determined [].
[SeqClu] Iteration 138.
[SeqClu] Current index of data is 137.
[SeqClu] The number of elements that will be processed in this iteration is 1.
[SeqClu] Candidacy determined [].
[SeqClu] Iteration 139.
[SeqClu] Current index of data is 138.
[SeqClu] The number of elements that will be processed in this iteration is 1.
[SeqClu] Candidacy determined [].
[SeqClu] Iteration 140.
[SeqClu] Current index of data is 139.
[SeqClu] The number of elements that will be processed in this iteration is 1.
[SeqClu] Candidacy determined [].
[SeqClu] Iteration 141.
[SeqClu] Current index of data is 140.
[SeqClu] The number of elements that will be processed in this iteration is 1.
[SeqClu] Candidacy determined [].
[SeqClu] Iteration 142.
[SeqClu] Current index of data is 141.
[SeqClu] The number of elements that will be processed in this iteration is 1.
[SeqClu] Candidacy determined [].
[SeqClu] Iteration 143.
[SeqClu] Current index of data is 142.
[SeqClu] The number of elements that will be processed in this iteration is 1.
[SeqClu] Candidacy determined [].
[SeqClu] Iteration 144.
[SeqClu] Current index of data is 143.
[SeqClu] The number of elements that will be processed in this iteration is 1.
[SeqClu] Candidacy determined [].
[SeqClu] Iteration 145.
[SeqClu] Current index of data is 144.
[SeqClu] The number of elements that will be processed in this iteration is 1.
[SeqClu] Candidacy determined [].
[SeqClu] Iteration 146.
[SeqClu] Current index of data is 145.
[SeqClu] The number of elements that will be processed in this iteration is 1.
[SeqClu] Candidacy determined [].
[SeqClu] Iteration 147.
[SeqClu] Current index of data is 146.
[SeqClu] The number of elements that will be processed in this iteration is 1.
[SeqClu] Candidacy determined [].
[SeqClu] Iteration 148.
[SeqClu] Current index of data is 147.
[SeqClu] The number of elements that will be processed in this iteration is 1.
[SeqClu] Candidacy determined [].
[SeqClu] Iteration 149.
[SeqClu] Current index of data is 148.
[SeqClu] The number of elements that will be processed in this iteration is 1.
[SeqClu] Candidacy determined [].
[SeqClu] Iteration 150.
[SeqClu] Current index of data is 149.
[SeqClu] The number of elements that will be processed in this iteration is 1.
[SeqClu] Candidacy determined [].
[SeqClu] Iteration 151.
[SeqClu] Current index of data is 150.
[SeqClu] The number of elements that will be processed in this iteration is 1.
[SeqClu] Candidacy determined [3].
[SeqClu] Forcefully emptying buffer...
[SeqClu] Updating prototypes...
[SeqClu] Iteration 152.
[SeqClu] Current index of data is 151.
[SeqClu] The number of elements that will be processed in this iteration is 1.
[SeqClu] Candidacy determined [].
[SeqClu] Iteration 153.
[SeqClu] Current index of data is 152.
[SeqClu] The number of elements that will be processed in this iteration is 1.
[SeqClu] Candidacy determined [].
[SeqClu] Iteration 154.
[SeqClu] Current index of data is 153.
[SeqClu] The number of elements that will be processed in this iteration is 1.
[SeqClu] Candidacy determined [].
[SeqClu] Iteration 155.
[SeqClu] Current index of data is 154.
[SeqClu] The number of elements that will be processed in this iteration is 1.
[SeqClu] Candidacy determined [].
[SeqClu] Iteration 156.
[SeqClu] Current index of data is 155.
[SeqClu] The number of elements that will be processed in this iteration is 1.
[SeqClu] Candidacy determined [0, 3].
[SeqClu] Forcefully emptying buffer...
[SeqClu] Updating prototypes...
[SeqClu] Updating prototypes...
[SeqClu] Iteration 157.
[SeqClu] Current index of data is 156.
[SeqClu] The number of elements that will be processed in this iteration is 1.
[SeqClu] Candidacy determined [].
[SeqClu] Iteration 158.
[SeqClu] Current index of data is 157.
[SeqClu] The number of elements that will be processed in this iteration is 1.
[SeqClu] Candidacy determined [].
[SeqClu] Iteration 159.
[SeqClu] Current index of data is 158.
[SeqClu] The number of elements that will be processed in this iteration is 1.
[SeqClu] Candidacy determined [].
[SeqClu] Iteration 160.
[SeqClu] Current index of data is 159.
[SeqClu] The number of elements that will be processed in this iteration is 1.
[SeqClu] Candidacy determined [].
[SeqClu] Iteration 161.
[SeqClu] Current index of data is 160.
[SeqClu] The number of elements that will be processed in this iteration is 1.
[SeqClu] Candidacy determined [3].
[SeqClu] Forcefully emptying buffer...
[SeqClu] Updating prototypes...
[SeqClu] Iteration 162.
[SeqClu] Current index of data is 161.
[SeqClu] The number of elements that will be processed in this iteration is 1.
[SeqClu] Candidacy determined [3].
[SeqClu] Forcefully emptying buffer...
[SeqClu] Updating prototypes...
[SeqClu] Iteration 163.
[SeqClu] Current index of data is 162.
[SeqClu] The number of elements that will be processed in this iteration is 1.
[SeqClu] Candidacy determined [].
[SeqClu] Iteration 164.
[SeqClu] Current index of data is 163.
[SeqClu] The number of elements that will be processed in this iteration is 1.
[SeqClu] Candidacy determined [].
[SeqClu] Iteration 165.
[SeqClu] Current index of data is 164.
[SeqClu] The number of elements that will be processed in this iteration is 1.
[SeqClu] Candidacy determined [].
[SeqClu] Iteration 166.
[SeqClu] Current index of data is 165.
[SeqClu] The number of elements that will be processed in this iteration is 1.
[SeqClu] Candidacy determined [].
[SeqClu] Iteration 167.
[SeqClu] Current index of data is 166.
[SeqClu] The number of elements that will be processed in this iteration is 1.
[SeqClu] Candidacy determined [].
[SeqClu] Iteration 168.
[SeqClu] Current index of data is 167.
[SeqClu] The number of elements that will be processed in this iteration is 1.
[SeqClu] Candidacy determined [].
[SeqClu] Iteration 169.
[SeqClu] Current index of data is 168.
[SeqClu] The number of elements that will be processed in this iteration is 1.
[SeqClu] Candidacy determined [].
[SeqClu] Iteration 170.
[SeqClu] Current index of data is 169.
[SeqClu] The number of elements that will be processed in this iteration is 1.
[SeqClu] Candidacy determined [].
[SeqClu] Iteration 171.
[SeqClu] Current index of data is 170.
[SeqClu] The number of elements that will be processed in this iteration is 1.
[SeqClu] Candidacy determined [].
[SeqClu] Iteration 172.
[SeqClu] Current index of data is 171.
[SeqClu] The number of elements that will be processed in this iteration is 1.
[SeqClu] Candidacy determined [].
[SeqClu] Iteration 173.
[SeqClu] Current index of data is 172.
[SeqClu] The number of elements that will be processed in this iteration is 1.
[SeqClu] Candidacy determined [].
[SeqClu] Iteration 174.
[SeqClu] Current index of data is 173.
[SeqClu] The number of elements that will be processed in this iteration is 1.
[SeqClu] Candidacy determined [].
[SeqClu] Iteration 175.
[SeqClu] Current index of data is 174.
[SeqClu] The number of elements that will be processed in this iteration is 1.
[SeqClu] Candidacy determined [].
[SeqClu] Iteration 176.
[SeqClu] Current index of data is 175.
[SeqClu] The number of elements that will be processed in this iteration is 1.
[SeqClu] Candidacy determined [3].
[SeqClu] Forcefully emptying buffer...
[SeqClu] Updating prototypes...
[SeqClu] Iteration 177.
[SeqClu] Current index of data is 176.
[SeqClu] The number of elements that will be processed in this iteration is 1.
[SeqClu] The algorithm finished executing. Processing the buffer and returning...
[SeqClu] Buffered sequences are set()
[SeqClu] Sequences clustered by approximation are {'1085e61d', '2ca3d5cc', 'e0b646d4', '94aa56a1', '78ae25b3', '0b371e7d', 'e36aa35d', '2ac321dd', 'fa61df8d', 'c2e5bc3b', '6126b9c9', '6e6e22ef', 'a37c250f', 'ccbf955f', '449dbb2e', '4e2aa915', '31d1966f', '396fca49', '21b7fd73', '2beceec1', '6b2cde41', '8d9c8fc1', 'ac173cf3', 'a0e0db58', '677f5e8b', '4e152017', '4eb1df54', 'cb30c29c', 'bde6d686', 'a428da62', 'ef7ca957', '0755e139', '34f40742', '199e6dc7', '28ebbe0b', 'd29216c8', '84754bea', '859a6067', '4ef46c45', 'cad8a262', '715332c9', '0a10826d', '6b5e11b4', '41cf05ef', 'e6156839', '8d0e88b3', '1d7d1496', '264ed0d0', '3ead38b7', '29d8b0f5', 'f3453d3c', '24acc8e9', '1a9e2f84', '8a130fb7', '52eafac6', '3162588d', '93a1ddc9', 'c326d118', '03b429ad', '06e40d21', '7b41ff90', 'cdf3709b', '352889ef', '2371c6a2', '2e06ec79', '3e712c3b', 'dc24ab44', 'a7fe6878', '473d46b8', 'bd3f48df', 'ba6e7c4a', 'c0176f15', '7c4cd0d9', '3f0aa84b', '4f838114', '47d34cbb', 'c590f4da', '6f193b31', '8ac4d5be', '49b38b7f', '0f79569b', '43a42008', 'cda22c0d', '75ebc5d9', 'e43d7d4f', '0dd66cc3', '4ccb3dd9', 'e75c9aab', 'b784c4b6', 'beeebf86', '7a2e4832', 'b21c84cb', 'b3c5643c', 'bdf4fda1', '1b1f4e89', '16ff79cb', 'cc0a3483', '4d52ec11', '8df29f81', 'f418fa11', 'edcd0ecc', 'b74c2b1c', 'e659dff6', 'dfec2275', '966109b0', '4ef8ba57', '9809d07f', '23d1ab56', 'ef4f8324', '2ca204ac', 'efeedd1f'}
[SeqClu] The results of the implementation of SeqClu are as follows.
[SeqClu] The result provided by the 'SeqClu' algorithm is as follows.
{'677f5e8b': '2', 'b74c2b1c': '2', 'c2e5bc3b': 'O', 'e659dff6': 'O', '28ebbe0b': 'O', 'b21c84cb': '2', 'cedcc413': '9', 'd8db634f': '9', '264ed0d0': 'O', 'd29216c8': '2', 'bd3f48df': 'O', '1d7d1496': 'O', 'beeebf86': '9', '0b371e7d': '5', '2ef44daf': 'W', '8dac6101': 'W', '6f193b31': 'O', '3e712c3b': 'O', 'cad8a262': 'O', '0755e139': '9', '43a42008': 'O', '3f0aa84b': '5', '4eb1df54': 'O', '2beceec1': 'O', 'edcd0ecc': '9', 'adb1ff2e': 'O', 'e9faa4cc': '5', 'bde8aa4e': '5', 'bdf4fda1': 'O', '295ff276': 'W', '349725c2': 'W', '4ccb3dd9': '9', '966109b0': 'O', '3162588d': 'O', '715332c9': 'O', '16ff79cb': 'O', '933deba4': 'W', 'eb657780': 'W', 'b784c4b6': 'O', '74f89b04': 'O', 'eb1468b0': '5', 'ff24fe7c': '5', 'a7fe6878': '2', '797a825c': 'W', 'b81c59f8': 'W', 'cc0a3483': 'O', '34f40742': 'O', '352889ef': 'O', '1a9e2f84': '9', 'bc2f57a1': 'W', '50969267': 'W', 'c417498f': '5', '17fc021f': '5', '69a451fd': '9', '07d5a3ee': '9', '3b071a8b': '5', '1fcd376a': '5', 'cb30c29c': '5', '7ce0fa09': '9', '2becc972': '9', 'a0e0db58': 'O', '2ca204ac': '2', '24acc8e9': '2', '396fca49': '9', '89a684ef': 'W', '473d46b8': 'O', 'dc24ab44': 'W', 'c590f4da': 'O', '1a525726': '5', '73da52af': '5', 'bbfa3eb0': '5', 'f0881bae': '5', 'c0176f15': 'O', '7b3de861': '9', '23d1ab56': 'O', '52eafac6': '9', '1085e61d': 'O', 'e0b646d4': '2', '9809d07f': '2', 'ba6e7c4a': 'W', 'ac173cf3': 'O', 'e6156839': '9', 'c326d118': 'O', 'ef7ca957': '2', '77d9cb4e': '5', '7e1a26ed': '5', '84754bea': '9', '2371c6a2': 'W', '8a130fb7': 'O', 'efeedd1f': 'O', '4ef8ba57': 'O', 'cdf3709b': 'W', 'dae0ad4f': 'W', 'f3453d3c': 'O', '29d8b0f5': 'O', 'a428da62': 'W', 'f418fa11': '5', '4e152017': 'W', '6b5e11b4': 'O', '41cf05ef': '2', '859a6067': 'O', 'f08aaf85': 'O', '4ef46c45': 'O', 'b3c5643c': '2', '4f838114': 'O', '2ca3d5cc': 'W', 'a37c250f': '2', '2e06ec79': '9', '7a77582d': 'O', '7c4cd0d9': 'W', '6126b9c9': 'O', 'cda22c0d': 'O', '78ae25b3': 'W', '6e6e22ef': 'W', 'ef4f8324': 'W', 'bde6d686': 'O', '7a2e4832': 'W', '7b41ff90': '2', '03b429ad': 'W', 'e75c9aab': '2', '49b38b7f': 'O', '6b2cde41': 'W', '2ac321dd': 'O', '8df29f81': 'W', '1b1f4e89': '2', '199e6dc7': 'W', '449dbb2e': 'W', '3977b9db': 'O', '75ebc5d9': 'O', 'e36aa35d': 'O', '93a1ddc9': '2', '8ac4d5be': '5', 'c64b021a': '5', '3ead38b7': '2', '8d9c8fc1': 'W', 'e43d7d4f': 'W', 'dfec2275': '5', 'd6d1473c': '5', '3002d3e1': 'O', 'fa61df8d': '9', '0f79569b': 'O', '21b7fd73': '5', '94aa56a1': 'O', '4d52ec11': 'O', 'ccbf955f': 'W', '31d1966f': 'W', '8d0e88b3': '2', '0dd66cc3': '9', '06e40d21': 'W', '4e2aa915': 'W', '0a10826d': 'O', '47d34cbb': 'W', 'a1264b54': '5', '2a64efc4': 'O', '73691a6b': 'O', '9c479a03': 'O', '6756bc76': 'O', '7420af12': 'O', '5ac133ba': 'O', '482fed89': '2', 'bf78cd68': '2', '76c30e17': '2', '472b7fc1': '2', '37a6ada9': '2', '89234e21': '2', '1332e09f': '2', '7913451a': '2', '03f9a7c2': '9', 'a2c79076': '9', 'afb084b9': '9', 'c3999a82': '9', '7b8a937e': '9', 'e921b17e': '5', '80666255': 'W', '4cd6f30f': 'W', '4f8ec214': 'W'}
[SeqClu] The amount of labels provided is 176.
[SeqClu] The amount of correct predictions is 141.
[SeqClu] The algorithm made 35 out of 176 mistakes.
[SeqClu] The amount of times the distance computation has been called is 5632.
[SeqClu] the SeqClu algorithm took 126.80335790000001 seconds to complete.
[SeqClu] The clustering accuracy is therefore 0.8011363636363636
[SeqClu] The F1 score (macro) is 0.7769900278130113
[SeqClu] The F1 score (micro) is 0.8011363636363636
[SeqClu] The F1 score (weighted) is 0.8048010081572522
[SeqClu] The prototype hashes are [['2a64efc4', '73691a6b', 'ff24fe7c', 'c64b021a', '9c479a03', '6756bc76', '7420af12', '5ac133ba'], ['482fed89', 'bf78cd68', '76c30e17', '472b7fc1', '37a6ada9', '89234e21', '1332e09f', '7913451a'], ['2becc972', '03f9a7c2', '7b3de861', 'a2c79076', '07d5a3ee', 'afb084b9', 'c3999a82', '7b8a937e'], ['e921b17e', 'bde8aa4e', 'a1264b54', 'd6d1473c', '17fc021f', '1fcd376a', 'c64b021a', 'ff24fe7c'], ['80666255', '89a684ef', 'dae0ad4f', '349725c2', '50969267', 'eb657780', '4cd6f30f', '4f8ec214']]
[SeqCluCSV] 5632,126.80335790000001,0.8011363636363636,0.7769900278130113,0.8011363636363636,0.8048010081572522
[SeqClu] Approximation: 0.7927927927927928,0.018018018018018018,0.018018018018018018
[SeqClu] PrototypeAccuracy 0.375
