[SeqCluCLI] Passed arguments are ['12', '6', '1', '["O","2","9","5","W"]', '[15,0.5,2.0,true,false]', '300', 'True', 'False', 'o295w'].
[SeqCluCLI] Class 'W': 44 instances.
[SeqCluCLI] Class 'O': 66 instances.
[SeqCluCLI] Class '2': 22 instances.
[SeqCluCLI] Class '5': 22 instances.
[SeqCluCLI] Class '9': 22 instances.
[SeqCluCLI] The number of sequences per class is <map object at 0x0000026B44C80B20>.
[SeqCluCLI] The total number of prototypes is 60.
[SeqCluCLI] The number of incoming sequences is 116.
[SeqCluCLI] The total number of sequences is 176.
[SeqCluCLI] Labels provided by data set are as follows.
['O', 'O', 'O', 'O', 'O', 'O', 'O', 'O', 'O', 'O', 'O', 'O', '2', '2', '2', '2', '2', '2', '2', '2', '2', '2', '2', '2', '9', '9', '9', '9', '9', '9', '9', '9', '9', '9', '9', '9', '5', '5', '5', '5', '5', '5', '5', '5', '5', '5', '5', '5', 'W', 'W', 'W', 'W', 'W', 'W', 'W', 'W', 'W', 'W', 'W', 'W', 'O', 'O', 'W', '9', '9', '9', 'O', 'W', 'O', 'W', 'O', 'O', '9', 'W', 'W', 'W', 'O', 'O', 'O', 'W', 'O', 'W', 'W', '2', 'O', 'O', 'W', 'O', 'W', 'W', '5', 'O', 'O', 'O', 'W', '2', 'O', 'O', 'O', '5', 'W', 'W', 'W', 'O', 'O', 'O', 'W', 'O', 'O', 'O', '9', 'O', 'W', '2', 'O', 'O', '5', 'O', 'O', '2', 'O', 'W', 'O', '5', 'W', '5', 'O', '2', '2', 'W', 'O', 'O', '9', 'O', 'O', 'O', 'O', 'O', 'W', '9', 'O', 'W', 'W', 'W', '2', '2', 'O', '9', '2', 'O', 'W', 'W', '5', 'W', 'O', 'O', '9', '5', 'W', 'W', 'O', 'O', '5', 'W', 'O', 'O', 'O', 'O', '5', '2', 'W', 'O', '9', 'O', 'O', '5']
[SeqCluCLI] Labels including sequence hashes provided by fake data source are as follows.
{'6756bc76': 'O', '74f89b04': 'O', '5ac133ba': 'O', '7420af12': 'O', '73691a6b': 'O', '2a64efc4': 'O', '9c479a03': 'O', 'adb1ff2e': 'O', 'bdf4fda1': 'O', '6b5e11b4': 'O', '1fcd376a': 'O', 'ff24fe7c': 'O', '482fed89': '2', 'bf78cd68': '2', '76c30e17': '2', '472b7fc1': '2', '37a6ada9': '2', '89234e21': '2', '1332e09f': '2', '7913451a': '2', '24acc8e9': '2', 'd8db634f': '2', 'e0b646d4': '2', 'a37c250f': '2', '69a451fd': '9', '03f9a7c2': '9', 'afb084b9': '9', '7b8a937e': '9', 'c3999a82': '9', 'a2c79076': '9', 'cedcc413': '9', '7ce0fa09': '9', '396fca49': '9', '29d8b0f5': '9', '1a9e2f84': '9', '0dd66cc3': '9', '1a525726': '5', 'e9faa4cc': '5', 'eb1468b0': '5', 'e921b17e': '5', 'bbfa3eb0': '5', '77d9cb4e': '5', 'c417498f': '5', '3b071a8b': '5', '4d52ec11': '5', '4f838114': '5', '21b7fd73': '5', 'cb30c29c': '5', '933deba4': 'W', '295ff276': 'W', 'bc2f57a1': 'W', '2ef44daf': 'W', '4f8ec214': 'W', '797a825c': 'W', '4cd6f30f': 'W', '80666255': 'W', '89a684ef': 'W', '8dac6101': 'W', '78ae25b3': 'W', '199e6dc7': 'W', '6126b9c9': 'O', '73da52af': 'O', '8d9c8fc1': 'W', '52eafac6': '9', 'b3c5643c': '9', '1085e61d': '9', 'e659dff6': 'O', '47d34cbb': 'W', 'd6d1473c': 'O', 'b81c59f8': 'W', '3002d3e1': 'O', '4ef8ba57': 'O', '07d5a3ee': '9', '4e152017': 'W', '6b2cde41': 'W', '7a2e4832': 'W', 'efeedd1f': 'O', '473d46b8': 'O', 'ac173cf3': 'O', 'dc24ab44': 'W', '3162588d': 'O', 'ba6e7c4a': 'W', 'a428da62': 'W', 'a7fe6878': '2', '8df29f81': 'O', 'f08aaf85': 'O', 'ccbf955f': 'W', '3e712c3b': 'O', '31d1966f': 'W', 'c2e5bc3b': 'W', '0b371e7d': '5', 'c64b021a': 'O', '2ac321dd': 'O', 'f418fa11': 'O', '6e6e22ef': 'W', '93a1ddc9': '2', '7e1a26ed': 'O', '352889ef': 'O', 'e36aa35d': 'O', '2ca204ac': '5', '2ca3d5cc': 'W', '349725c2': 'W', '2371c6a2': 'W', '6f193b31': 'O', '16ff79cb': 'O', '4ef46c45': 'O', '4eb1df54': 'W', '1d7d1496': 'O', '264ed0d0': 'O', '8ac4d5be': 'O', '4ccb3dd9': '9', '17fc021f': 'O', '2e06ec79': 'W', 'd29216c8': '2', '2beceec1': 'O', 'bd3f48df': 'O', 'ef7ca957': '5', '859a6067': 'O', 'bde8aa4e': 'O', '1b1f4e89': '2', '94aa56a1': 'O', '50969267': 'W', '49b38b7f': 'O', 'edcd0ecc': '5', '4e2aa915': 'W', '2becc972': '5', '0f79569b': 'O', '677f5e8b': '2', '7b41ff90': '2', '03b429ad': 'W', 'c0176f15': 'O', 'c590f4da': 'O', 'e6156839': '9', 'bde6d686': 'O', 'b784c4b6': 'O', '8a130fb7': 'O', 'cc0a3483': 'O', '3977b9db': 'O', 'cdf3709b': 'W', 'beeebf86': '9', 'dfec2275': 'O', 'e43d7d4f': 'W', '966109b0': 'W', '449dbb2e': 'W', 'e75c9aab': '2', '9809d07f': '2', 'f3453d3c': 'O', '7b3de861': '9', '41cf05ef': '2', '0a10826d': 'O', '06e40d21': 'W', 'ef4f8324': 'W', 'b21c84cb': '5', '7c4cd0d9': 'W', '34f40742': 'O', '28ebbe0b': 'O', 'fa61df8d': '9', '3f0aa84b': '5', '715332c9': 'W', 'dae0ad4f': 'W', '43a42008': 'O', 'f0881bae': 'O', '0755e139': '5', 'eb657780': 'W', 'cda22c0d': 'O', '7a77582d': 'O', '75ebc5d9': 'O', 'cad8a262': 'O', '84754bea': '5', '8d0e88b3': '2', 'b74c2b1c': 'W', '23d1ab56': 'O', 'a0e0db58': '9', 'c326d118': 'O', 'a1264b54': 'O', '3ead38b7': '5'}
[SeqClu] Iteration 1.
[SeqClu] Current index of data is 60.
[SeqClu] The number of elements that will be processed in this iteration is 1.
[SeqClu] Iteration 2.
[SeqClu] Current index of data is 61.
[SeqClu] The number of elements that will be processed in this iteration is 1.
[SeqClu] Iteration 3.
[SeqClu] Current index of data is 62.
[SeqClu] The number of elements that will be processed in this iteration is 1.
[SeqClu] Iteration 4.
[SeqClu] Current index of data is 63.
[SeqClu] The number of elements that will be processed in this iteration is 1.
[SeqClu] Iteration 5.
[SeqClu] Current index of data is 64.
[SeqClu] The number of elements that will be processed in this iteration is 1.
[SeqClu] Iteration 6.
[SeqClu] Current index of data is 65.
[SeqClu] The number of elements that will be processed in this iteration is 1.
[SeqClu] Iteration 7.
[SeqClu] Current index of data is 66.
[SeqClu] The number of elements that will be processed in this iteration is 1.
[SeqClu] Iteration 8.
[SeqClu] Current index of data is 67.
[SeqClu] The number of elements that will be processed in this iteration is 1.
[SeqClu] Iteration 9.
[SeqClu] Current index of data is 68.
[SeqClu] The number of elements that will be processed in this iteration is 1.
[SeqClu] Iteration 10.
[SeqClu] Current index of data is 69.
[SeqClu] The number of elements that will be processed in this iteration is 1.
[SeqClu] Iteration 11.
[SeqClu] Current index of data is 70.
[SeqClu] The number of elements that will be processed in this iteration is 1.
[SeqClu] Iteration 12.
[SeqClu] Current index of data is 71.
[SeqClu] The number of elements that will be processed in this iteration is 1.
[SeqClu] Iteration 13.
[SeqClu] Current index of data is 72.
[SeqClu] The number of elements that will be processed in this iteration is 1.
[SeqClu] Iteration 14.
[SeqClu] Current index of data is 73.
[SeqClu] The number of elements that will be processed in this iteration is 1.
[SeqClu] Iteration 15.
[SeqClu] Current index of data is 74.
[SeqClu] The number of elements that will be processed in this iteration is 1.
[SeqClu] Iteration 16.
[SeqClu] Current index of data is 75.
[SeqClu] The number of elements that will be processed in this iteration is 1.
[SeqClu] Iteration 17.
[SeqClu] Current index of data is 76.
[SeqClu] The number of elements that will be processed in this iteration is 1.
[SeqClu] Iteration 18.
[SeqClu] Current index of data is 77.
[SeqClu] The number of elements that will be processed in this iteration is 1.
[SeqClu] Iteration 19.
[SeqClu] Current index of data is 78.
[SeqClu] The number of elements that will be processed in this iteration is 1.
[SeqClu] Iteration 20.
[SeqClu] Current index of data is 79.
[SeqClu] The number of elements that will be processed in this iteration is 1.
[SeqClu] Iteration 21.
[SeqClu] Current index of data is 80.
[SeqClu] The number of elements that will be processed in this iteration is 1.
[SeqClu] Iteration 22.
[SeqClu] Current index of data is 81.
[SeqClu] The number of elements that will be processed in this iteration is 1.
[SeqClu] Iteration 23.
[SeqClu] Current index of data is 82.
[SeqClu] The number of elements that will be processed in this iteration is 1.
[SeqClu] Iteration 24.
[SeqClu] Current index of data is 83.
[SeqClu] The number of elements that will be processed in this iteration is 1.
[SeqClu] Iteration 25.
[SeqClu] Current index of data is 84.
[SeqClu] The number of elements that will be processed in this iteration is 1.
[SeqClu] Iteration 26.
[SeqClu] Current index of data is 85.
[SeqClu] The number of elements that will be processed in this iteration is 1.
[SeqClu] Iteration 27.
[SeqClu] Current index of data is 86.
[SeqClu] The number of elements that will be processed in this iteration is 1.
[SeqClu] Iteration 28.
[SeqClu] Current index of data is 87.
[SeqClu] The number of elements that will be processed in this iteration is 1.
[SeqClu] Iteration 29.
[SeqClu] Current index of data is 88.
[SeqClu] The number of elements that will be processed in this iteration is 1.
[SeqClu] Iteration 30.
[SeqClu] Current index of data is 89.
[SeqClu] The number of elements that will be processed in this iteration is 1.
[SeqClu] Iteration 31.
[SeqClu] Current index of data is 90.
[SeqClu] The number of elements that will be processed in this iteration is 1.
[SeqClu] Iteration 32.
[SeqClu] Current index of data is 91.
[SeqClu] The number of elements that will be processed in this iteration is 1.
[SeqClu] Iteration 33.
[SeqClu] Current index of data is 92.
[SeqClu] The number of elements that will be processed in this iteration is 1.
[SeqClu] Iteration 34.
[SeqClu] Current index of data is 93.
[SeqClu] The number of elements that will be processed in this iteration is 1.
[SeqClu] Iteration 35.
[SeqClu] Current index of data is 94.
[SeqClu] The number of elements that will be processed in this iteration is 1.
[SeqClu] Iteration 36.
[SeqClu] Current index of data is 95.
[SeqClu] The number of elements that will be processed in this iteration is 1.
[SeqClu] Iteration 37.
[SeqClu] Current index of data is 96.
[SeqClu] The number of elements that will be processed in this iteration is 1.
[SeqClu] Iteration 38.
[SeqClu] Current index of data is 97.
[SeqClu] The number of elements that will be processed in this iteration is 1.
[SeqClu] Iteration 39.
[SeqClu] Current index of data is 98.
[SeqClu] The number of elements that will be processed in this iteration is 1.
[SeqClu] Iteration 40.
[SeqClu] Current index of data is 99.
[SeqClu] The number of elements that will be processed in this iteration is 1.
[SeqClu] Iteration 41.
[SeqClu] Current index of data is 100.
[SeqClu] The number of elements that will be processed in this iteration is 1.
[SeqClu] Iteration 42.
[SeqClu] Current index of data is 101.
[SeqClu] The number of elements that will be processed in this iteration is 1.
[SeqClu] Iteration 43.
[SeqClu] Current index of data is 102.
[SeqClu] The number of elements that will be processed in this iteration is 1.
[SeqClu] Iteration 44.
[SeqClu] Current index of data is 103.
[SeqClu] The number of elements that will be processed in this iteration is 1.
[SeqClu] Iteration 45.
[SeqClu] Current index of data is 104.
[SeqClu] The number of elements that will be processed in this iteration is 1.
[SeqClu] Iteration 46.
[SeqClu] Current index of data is 105.
[SeqClu] The number of elements that will be processed in this iteration is 1.
[SeqClu] Iteration 47.
[SeqClu] Current index of data is 106.
[SeqClu] The number of elements that will be processed in this iteration is 1.
[SeqClu] Iteration 48.
[SeqClu] Current index of data is 107.
[SeqClu] The number of elements that will be processed in this iteration is 1.
[SeqClu] Iteration 49.
[SeqClu] Current index of data is 108.
[SeqClu] The number of elements that will be processed in this iteration is 1.
[SeqClu] Iteration 50.
[SeqClu] Current index of data is 109.
[SeqClu] The number of elements that will be processed in this iteration is 1.
[SeqClu] Iteration 51.
[SeqClu] Current index of data is 110.
[SeqClu] The number of elements that will be processed in this iteration is 1.
[SeqClu] Iteration 52.
[SeqClu] Current index of data is 111.
[SeqClu] The number of elements that will be processed in this iteration is 1.
[SeqClu] Iteration 53.
[SeqClu] Current index of data is 112.
[SeqClu] The number of elements that will be processed in this iteration is 1.
[SeqClu] Iteration 54.
[SeqClu] Current index of data is 113.
[SeqClu] The number of elements that will be processed in this iteration is 1.
[SeqClu] Iteration 55.
[SeqClu] Current index of data is 114.
[SeqClu] The number of elements that will be processed in this iteration is 1.
[SeqClu] Iteration 56.
[SeqClu] Current index of data is 115.
[SeqClu] The number of elements that will be processed in this iteration is 1.
[SeqClu] Iteration 57.
[SeqClu] Current index of data is 116.
[SeqClu] The number of elements that will be processed in this iteration is 1.
[SeqClu] Iteration 58.
[SeqClu] Current index of data is 117.
[SeqClu] The number of elements that will be processed in this iteration is 1.
[SeqClu] Iteration 59.
[SeqClu] Current index of data is 118.
[SeqClu] The number of elements that will be processed in this iteration is 1.
[SeqClu] Iteration 60.
[SeqClu] Current index of data is 119.
[SeqClu] The number of elements that will be processed in this iteration is 1.
[SeqClu] Iteration 61.
[SeqClu] Current index of data is 120.
[SeqClu] The number of elements that will be processed in this iteration is 1.
[SeqClu] Iteration 62.
[SeqClu] Current index of data is 121.
[SeqClu] The number of elements that will be processed in this iteration is 1.
[SeqClu] Iteration 63.
[SeqClu] Current index of data is 122.
[SeqClu] The number of elements that will be processed in this iteration is 1.
[SeqClu] Iteration 64.
[SeqClu] Current index of data is 123.
[SeqClu] The number of elements that will be processed in this iteration is 1.
[SeqClu] Iteration 65.
[SeqClu] Current index of data is 124.
[SeqClu] The number of elements that will be processed in this iteration is 1.
[SeqClu] Iteration 66.
[SeqClu] Current index of data is 125.
[SeqClu] The number of elements that will be processed in this iteration is 1.
[SeqClu] Iteration 67.
[SeqClu] Current index of data is 126.
[SeqClu] The number of elements that will be processed in this iteration is 1.
[SeqClu] Iteration 68.
[SeqClu] Current index of data is 127.
[SeqClu] The number of elements that will be processed in this iteration is 1.
[SeqClu] Iteration 69.
[SeqClu] Current index of data is 128.
[SeqClu] The number of elements that will be processed in this iteration is 1.
[SeqClu] Iteration 70.
[SeqClu] Current index of data is 129.
[SeqClu] The number of elements that will be processed in this iteration is 1.
[SeqClu] Iteration 71.
[SeqClu] Current index of data is 130.
[SeqClu] The number of elements that will be processed in this iteration is 1.
[SeqClu] Iteration 72.
[SeqClu] Current index of data is 131.
[SeqClu] The number of elements that will be processed in this iteration is 1.
[SeqClu] Iteration 73.
[SeqClu] Current index of data is 132.
[SeqClu] The number of elements that will be processed in this iteration is 1.
[SeqClu] Iteration 74.
[SeqClu] Current index of data is 133.
[SeqClu] The number of elements that will be processed in this iteration is 1.
[SeqClu] Iteration 75.
[SeqClu] Current index of data is 134.
[SeqClu] The number of elements that will be processed in this iteration is 1.
[SeqClu] Iteration 76.
[SeqClu] Current index of data is 135.
[SeqClu] The number of elements that will be processed in this iteration is 1.
[SeqClu] Iteration 77.
[SeqClu] Current index of data is 136.
[SeqClu] The number of elements that will be processed in this iteration is 1.
[SeqClu] Iteration 78.
[SeqClu] Current index of data is 137.
[SeqClu] The number of elements that will be processed in this iteration is 1.
[SeqClu] Iteration 79.
[SeqClu] Current index of data is 138.
[SeqClu] The number of elements that will be processed in this iteration is 1.
[SeqClu] Iteration 80.
[SeqClu] Current index of data is 139.
[SeqClu] The number of elements that will be processed in this iteration is 1.
[SeqClu] Iteration 81.
[SeqClu] Current index of data is 140.
[SeqClu] The number of elements that will be processed in this iteration is 1.
[SeqClu] Iteration 82.
[SeqClu] Current index of data is 141.
[SeqClu] The number of elements that will be processed in this iteration is 1.
[SeqClu] Iteration 83.
[SeqClu] Current index of data is 142.
[SeqClu] The number of elements that will be processed in this iteration is 1.
[SeqClu] Iteration 84.
[SeqClu] Current index of data is 143.
[SeqClu] The number of elements that will be processed in this iteration is 1.
[SeqClu] Iteration 85.
[SeqClu] Current index of data is 144.
[SeqClu] The number of elements that will be processed in this iteration is 1.
[SeqClu] Iteration 86.
[SeqClu] Current index of data is 145.
[SeqClu] The number of elements that will be processed in this iteration is 1.
[SeqClu] Iteration 87.
[SeqClu] Current index of data is 146.
[SeqClu] The number of elements that will be processed in this iteration is 1.
[SeqClu] Iteration 88.
[SeqClu] Current index of data is 147.
[SeqClu] The number of elements that will be processed in this iteration is 1.
[SeqClu] Iteration 89.
[SeqClu] Current index of data is 148.
[SeqClu] The number of elements that will be processed in this iteration is 1.
[SeqClu] Iteration 90.
[SeqClu] Current index of data is 149.
[SeqClu] The number of elements that will be processed in this iteration is 1.
[SeqClu] Iteration 91.
[SeqClu] Current index of data is 150.
[SeqClu] The number of elements that will be processed in this iteration is 1.
[SeqClu] Iteration 92.
[SeqClu] Current index of data is 151.
[SeqClu] The number of elements that will be processed in this iteration is 1.
[SeqClu] Iteration 93.
[SeqClu] Current index of data is 152.
[SeqClu] The number of elements that will be processed in this iteration is 1.
[SeqClu] Iteration 94.
[SeqClu] Current index of data is 153.
[SeqClu] The number of elements that will be processed in this iteration is 1.
[SeqClu] Iteration 95.
[SeqClu] Current index of data is 154.
[SeqClu] The number of elements that will be processed in this iteration is 1.
[SeqClu] Iteration 96.
[SeqClu] Current index of data is 155.
[SeqClu] The number of elements that will be processed in this iteration is 1.
[SeqClu] Iteration 97.
[SeqClu] Current index of data is 156.
[SeqClu] The number of elements that will be processed in this iteration is 1.
[SeqClu] Iteration 98.
[SeqClu] Current index of data is 157.
[SeqClu] The number of elements that will be processed in this iteration is 1.
[SeqClu] Iteration 99.
[SeqClu] Current index of data is 158.
[SeqClu] The number of elements that will be processed in this iteration is 1.
[SeqClu] Iteration 100.
[SeqClu] Current index of data is 159.
[SeqClu] The number of elements that will be processed in this iteration is 1.
[SeqClu] Iteration 101.
[SeqClu] Current index of data is 160.
[SeqClu] The number of elements that will be processed in this iteration is 1.
[SeqClu] Iteration 102.
[SeqClu] Current index of data is 161.
[SeqClu] The number of elements that will be processed in this iteration is 1.
[SeqClu] Iteration 103.
[SeqClu] Current index of data is 162.
[SeqClu] The number of elements that will be processed in this iteration is 1.
[SeqClu] Iteration 104.
[SeqClu] Current index of data is 163.
[SeqClu] The number of elements that will be processed in this iteration is 1.
[SeqClu] Iteration 105.
[SeqClu] Current index of data is 164.
[SeqClu] The number of elements that will be processed in this iteration is 1.
[SeqClu] Iteration 106.
[SeqClu] Current index of data is 165.
[SeqClu] The number of elements that will be processed in this iteration is 1.
[SeqClu] Iteration 107.
[SeqClu] Current index of data is 166.
[SeqClu] The number of elements that will be processed in this iteration is 1.
[SeqClu] Iteration 108.
[SeqClu] Current index of data is 167.
[SeqClu] The number of elements that will be processed in this iteration is 1.
[SeqClu] Iteration 109.
[SeqClu] Current index of data is 168.
[SeqClu] The number of elements that will be processed in this iteration is 1.
[SeqClu] Iteration 110.
[SeqClu] Current index of data is 169.
[SeqClu] The number of elements that will be processed in this iteration is 1.
[SeqClu] Iteration 111.
[SeqClu] Current index of data is 170.
[SeqClu] The number of elements that will be processed in this iteration is 1.
[SeqClu] Iteration 112.
[SeqClu] Current index of data is 171.
[SeqClu] The number of elements that will be processed in this iteration is 1.
[SeqClu] Iteration 113.
[SeqClu] Current index of data is 172.
[SeqClu] The number of elements that will be processed in this iteration is 1.
[SeqClu] Iteration 114.
[SeqClu] Current index of data is 173.
[SeqClu] The number of elements that will be processed in this iteration is 1.
[SeqClu] Iteration 115.
[SeqClu] Current index of data is 174.
[SeqClu] The number of elements that will be processed in this iteration is 1.
[SeqClu] Iteration 116.
[SeqClu] Current index of data is 175.
[SeqClu] The number of elements that will be processed in this iteration is 1.
[SeqClu] Iteration 117.
[SeqClu] Current index of data is 176.
[SeqClu] The number of elements that will be processed in this iteration is 1.
[SeqClu] The algorithm finished executing. Processing the buffer and returning...
[SeqCluBaselineOnline] The results of the implementation of SeqCluBaselineOnline are as follows.
[SeqCluBaselineOnline] The result provided by the 'SeqCluBaselineOnline' algorithm is as follows.
{'6756bc76': 'O', '7e1a26ed': 'O', '5ac133ba': 'O', '7420af12': 'O', '264ed0d0': 'O', '2a64efc4': 'O', '9c479a03': 'O', 'd6d1473c': 'O', 'a1264b54': 'O', 'bde8aa4e': 'O', 'c64b021a': 'O', 'ff24fe7c': 'O', '482fed89': '2', '8d0e88b3': '2', '76c30e17': '2', '472b7fc1': '2', '3ead38b7': '2', '89234e21': '2', '1332e09f': '2', '7913451a': '2', '24acc8e9': '2', 'd8db634f': '2', '93a1ddc9': '2', 'a7fe6878': '2', '69a451fd': '9', '03f9a7c2': '9', 'afb084b9': '9', '7b8a937e': '9', 'c3999a82': '9', 'a2c79076': '9', '07d5a3ee': '9', '7ce0fa09': '9', '7b3de861': '9', '84754bea': '9', 'e6156839': '9', 'beeebf86': '9', '1a525726': '5', '3f0aa84b': '5', 'eb1468b0': '5', 'e921b17e': '5', 'bbfa3eb0': '5', '77d9cb4e': '5', 'c417498f': '5', '3b071a8b': '5', '4d52ec11': '5', '4f838114': '5', '21b7fd73': '5', 'cb30c29c': '5', '4e152017': 'W', '31d1966f': 'W', 'b74c2b1c': 'W', '7c4cd0d9': 'W', '4f8ec214': 'W', '7a2e4832': 'W', '715332c9': 'W', '06e40d21': 'W', '89a684ef': 'W', 'cdf3709b': 'W', '78ae25b3': 'W', '449dbb2e': 'W', 'bdf4fda1': 'O', '6126b9c9': 'O', '74f89b04': 'O', '73da52af': 'O', '2ef44daf': 'W', '8d9c8fc1': 'W', 'cedcc413': '9', '52eafac6': '9', 'a37c250f': '2', 'b3c5643c': '2', '1fcd376a': 'O', '1085e61d': 'O', 'e659dff6': 'O', 'adb1ff2e': 'O', '47d34cbb': 'O', '295ff276': 'W', 'b81c59f8': 'W', '3002d3e1': 'O', '4ef8ba57': 'O', '933deba4': 'W', '797a825c': 'W', '6b2cde41': 'W', 'efeedd1f': 'O', '473d46b8': 'O', 'ac173cf3': 'O', '80666255': 'W', 'dc24ab44': 'W', '3162588d': 'O', 'ba6e7c4a': 'W', 'a428da62': 'W', '8df29f81': 'W', 'f08aaf85': 'O', 'ccbf955f': 'W', '3e712c3b': 'O', 'c2e5bc3b': 'O', 'e9faa4cc': '5', '0b371e7d': '5', '2ac321dd': 'O', 'f418fa11': '5', 'bc2f57a1': 'W', '6e6e22ef': 'W', 'e0b646d4': '2', '73691a6b': 'O', '352889ef': 'O', 'e36aa35d': 'O', 'bf78cd68': '2', '2ca204ac': '2', '2ca3d5cc': 'W', '349725c2': 'W', '8dac6101': 'W', '2371c6a2': 'W', '6f193b31': 'O', '16ff79cb': 'O', '4ef46c45': 'O', '4eb1df54': 'W', '1d7d1496': 'O', '8ac4d5be': '5', '0dd66cc3': '9', '4ccb3dd9': '9', '17fc021f': 'O', '2e06ec79': '9', 'd29216c8': '2', '6b5e11b4': 'O', '2beceec1': 'O', 'bd3f48df': 'O', 'ef7ca957': '2', '859a6067': 'O', '1b1f4e89': '2', '94aa56a1': 'O', '199e6dc7': 'W', '50969267': 'W', '49b38b7f': 'O', 'edcd0ecc': '9', '4e2aa915': 'W', '2becc972': '2', '0f79569b': 'O', '677f5e8b': '2', '7b41ff90': '2', '03b429ad': 'W', 'c0176f15': 'O', 'c590f4da': 'O', '1a9e2f84': '9', 'bde6d686': 'O', 'b784c4b6': 'O', '8a130fb7': 'W', 'cc0a3483': 'O', '3977b9db': 'O', 'dfec2275': 'O', 'e43d7d4f': 'W', '966109b0': 'W', 'e75c9aab': '2', '9809d07f': '2', 'f3453d3c': 'O', '396fca49': '9', '41cf05ef': '2', '0a10826d': 'O', 'ef4f8324': 'W', '29d8b0f5': '9', 'b21c84cb': '9', '34f40742': 'O', '28ebbe0b': 'O', 'fa61df8d': '9', '4cd6f30f': 'W', 'dae0ad4f': 'W', '43a42008': 'O', 'f0881bae': 'O', '0755e139': '9', 'eb657780': 'W', 'cda22c0d': 'O', '7a77582d': 'O', '75ebc5d9': 'O', 'cad8a262': 'O', '23d1ab56': 'O', 'a0e0db58': 'O', 'c326d118': 'O', '37a6ada9': '2'}
[SeqCluBaselineOnline] The amount of labels provided is 176.
[SeqCluBaselineOnline] The amount of correct predictions is 158.
[SeqClu] The algorithm made 18 out of 176 mistakes.
[SeqClu] The amount of times the distance computation has been called is 7290.
[SeqClu] the SeqCluBaselineOnline algorithm took 109.5536236 seconds to complete.
[SeqClu] The clustering accuracy is therefore 0.8977272727272727
[SeqClu] The F1 score (macro) is 0.8685621840968979
[SeqClu] The F1 score (micro) is 0.8977272727272727
[SeqClu] The F1 score (weighted) is 0.895515941863069
[SeqClu] The prototype hashes are [['6756bc76', '5ac133ba', '7420af12', '2a64efc4', '9c479a03', 'ff24fe7c', 'd6d1473c', 'c64b021a', '7e1a26ed', '264ed0d0', 'bde8aa4e', 'a1264b54'], ['482fed89', '76c30e17', '472b7fc1', '89234e21', '1332e09f', '7913451a', '24acc8e9', 'd8db634f', 'a7fe6878', '93a1ddc9', '8d0e88b3', '3ead38b7'], ['69a451fd', '03f9a7c2', 'afb084b9', '7b8a937e', 'c3999a82', 'a2c79076', '7ce0fa09', '07d5a3ee', 'e6156839', 'beeebf86', '7b3de861', '84754bea'], ['1a525726', 'eb1468b0', 'e921b17e', 'bbfa3eb0', '77d9cb4e', 'c417498f', '3b071a8b', '4d52ec11', '4f838114', '21b7fd73', 'cb30c29c', '3f0aa84b'], ['4f8ec214', '89a684ef', '78ae25b3', '4e152017', '7a2e4832', '31d1966f', 'cdf3709b', '449dbb2e', '06e40d21', '7c4cd0d9', '715332c9', 'b74c2b1c']]
[SeqCluCSV] 7290,109.5536236,0.8977272727272727,0.8685621840968979,0.8977272727272727,0.895515941863069
[SeqClu] PrototypeAccuracy 0.36666666666666664
[SeqClu] Iteration 1.
[SeqClu] Current index of data is 0.
[SeqClu] The number of elements that will be processed in this iteration is 1.
[SeqClu] Iteration 2.
[SeqClu] Current index of data is 1.
[SeqClu] The number of elements that will be processed in this iteration is 1.
[SeqClu] Iteration 3.
[SeqClu] Current index of data is 2.
[SeqClu] The number of elements that will be processed in this iteration is 1.
[SeqClu] Iteration 4.
[SeqClu] Current index of data is 3.
[SeqClu] The number of elements that will be processed in this iteration is 1.
[SeqClu] Iteration 5.
[SeqClu] Current index of data is 4.
[SeqClu] The number of elements that will be processed in this iteration is 1.
[SeqClu] Iteration 6.
[SeqClu] Current index of data is 5.
[SeqClu] The number of elements that will be processed in this iteration is 1.
[SeqClu] Prototypes have been representative initialized at tick 5 with 6 and 0
[SeqClu] Iteration 7.
[SeqClu] Current index of data is 6.
[SeqClu] The number of elements that will be processed in this iteration is 1.
[SeqClu] Prototypes have been representative initialized at tick 6 with 6 and 1
[SeqClu] Iteration 8.
[SeqClu] Current index of data is 7.
[SeqClu] The number of elements that will be processed in this iteration is 1.
[SeqClu] Prototypes have been representative initialized at tick 7 with 6 and 2
[SeqClu] Iteration 9.
[SeqClu] Current index of data is 8.
[SeqClu] The number of elements that will be processed in this iteration is 1.
[SeqClu] Prototypes have been representative initialized at tick 8 with 6 and 3
[SeqClu] Iteration 10.
[SeqClu] Current index of data is 9.
[SeqClu] The number of elements that will be processed in this iteration is 1.
[SeqClu] Prototypes have been representative initialized at tick 9 with 6 and 4
[SeqClu] Iteration 11.
[SeqClu] Current index of data is 10.
[SeqClu] The number of elements that will be processed in this iteration is 1.
[SeqClu] Prototypes have been representative initialized at tick 10 with 6 and 5
[SeqClu] Iteration 12.
[SeqClu] Current index of data is 11.
[SeqClu] The number of elements that will be processed in this iteration is 1.
[SeqClu] Prototypes have been representative initialized at tick 11 with 6 and 6
[SeqClu] Prototypes have been fully initialized at tick 11 with 6 and 6
[SeqClu] Iteration 13.
[SeqClu] Current index of data is 12.
[SeqClu] The number of elements that will be processed in this iteration is 1.
[SeqClu] Iteration 14.
[SeqClu] Current index of data is 13.
[SeqClu] The number of elements that will be processed in this iteration is 1.
[SeqClu] Iteration 15.
[SeqClu] Current index of data is 14.
[SeqClu] The number of elements that will be processed in this iteration is 1.
[SeqClu] Iteration 16.
[SeqClu] Current index of data is 15.
[SeqClu] The number of elements that will be processed in this iteration is 1.
[SeqClu] Iteration 17.
[SeqClu] Current index of data is 16.
[SeqClu] The number of elements that will be processed in this iteration is 1.
[SeqClu] Iteration 18.
[SeqClu] Current index of data is 17.
[SeqClu] The number of elements that will be processed in this iteration is 1.
[SeqClu] Prototypes have been representative initialized at tick 17 with 6 and 0
[SeqClu] Iteration 19.
[SeqClu] Current index of data is 18.
[SeqClu] The number of elements that will be processed in this iteration is 1.
[SeqClu] Prototypes have been representative initialized at tick 18 with 6 and 1
[SeqClu] Iteration 20.
[SeqClu] Current index of data is 19.
[SeqClu] The number of elements that will be processed in this iteration is 1.
[SeqClu] Prototypes have been representative initialized at tick 19 with 6 and 2
[SeqClu] Iteration 21.
[SeqClu] Current index of data is 20.
[SeqClu] The number of elements that will be processed in this iteration is 1.
[SeqClu] Prototypes have been representative initialized at tick 20 with 6 and 3
[SeqClu] Iteration 22.
[SeqClu] Current index of data is 21.
[SeqClu] The number of elements that will be processed in this iteration is 1.
[SeqClu] Prototypes have been representative initialized at tick 21 with 6 and 4
[SeqClu] Iteration 23.
[SeqClu] Current index of data is 22.
[SeqClu] The number of elements that will be processed in this iteration is 1.
[SeqClu] Prototypes have been representative initialized at tick 22 with 6 and 5
[SeqClu] Iteration 24.
[SeqClu] Current index of data is 23.
[SeqClu] The number of elements that will be processed in this iteration is 1.
[SeqClu] Prototypes have been representative initialized at tick 23 with 6 and 6
[SeqClu] Prototypes have been fully initialized at tick 23 with 6 and 6
[SeqClu] Iteration 25.
[SeqClu] Current index of data is 24.
[SeqClu] The number of elements that will be processed in this iteration is 1.
[SeqClu] Iteration 26.
[SeqClu] Current index of data is 25.
[SeqClu] The number of elements that will be processed in this iteration is 1.
[SeqClu] Iteration 27.
[SeqClu] Current index of data is 26.
[SeqClu] The number of elements that will be processed in this iteration is 1.
[SeqClu] Iteration 28.
[SeqClu] Current index of data is 27.
[SeqClu] The number of elements that will be processed in this iteration is 1.
[SeqClu] Iteration 29.
[SeqClu] Current index of data is 28.
[SeqClu] The number of elements that will be processed in this iteration is 1.
[SeqClu] Iteration 30.
[SeqClu] Current index of data is 29.
[SeqClu] The number of elements that will be processed in this iteration is 1.
[SeqClu] Prototypes have been representative initialized at tick 29 with 6 and 0
[SeqClu] Iteration 31.
[SeqClu] Current index of data is 30.
[SeqClu] The number of elements that will be processed in this iteration is 1.
[SeqClu] Prototypes have been representative initialized at tick 30 with 6 and 1
[SeqClu] Iteration 32.
[SeqClu] Current index of data is 31.
[SeqClu] The number of elements that will be processed in this iteration is 1.
[SeqClu] Prototypes have been representative initialized at tick 31 with 6 and 2
[SeqClu] Iteration 33.
[SeqClu] Current index of data is 32.
[SeqClu] The number of elements that will be processed in this iteration is 1.
[SeqClu] Prototypes have been representative initialized at tick 32 with 6 and 3
[SeqClu] Iteration 34.
[SeqClu] Current index of data is 33.
[SeqClu] The number of elements that will be processed in this iteration is 1.
[SeqClu] Prototypes have been representative initialized at tick 33 with 6 and 4
[SeqClu] Iteration 35.
[SeqClu] Current index of data is 34.
[SeqClu] The number of elements that will be processed in this iteration is 1.
[SeqClu] Prototypes have been representative initialized at tick 34 with 6 and 5
[SeqClu] Iteration 36.
[SeqClu] Current index of data is 35.
[SeqClu] The number of elements that will be processed in this iteration is 1.
[SeqClu] Prototypes have been representative initialized at tick 35 with 6 and 6
[SeqClu] Prototypes have been fully initialized at tick 35 with 6 and 6
[SeqClu] Iteration 37.
[SeqClu] Current index of data is 36.
[SeqClu] The number of elements that will be processed in this iteration is 1.
[SeqClu] Iteration 38.
[SeqClu] Current index of data is 37.
[SeqClu] The number of elements that will be processed in this iteration is 1.
[SeqClu] Iteration 39.
[SeqClu] Current index of data is 38.
[SeqClu] The number of elements that will be processed in this iteration is 1.
[SeqClu] Iteration 40.
[SeqClu] Current index of data is 39.
[SeqClu] The number of elements that will be processed in this iteration is 1.
[SeqClu] Iteration 41.
[SeqClu] Current index of data is 40.
[SeqClu] The number of elements that will be processed in this iteration is 1.
[SeqClu] Iteration 42.
[SeqClu] Current index of data is 41.
[SeqClu] The number of elements that will be processed in this iteration is 1.
[SeqClu] Prototypes have been representative initialized at tick 41 with 6 and 0
[SeqClu] Iteration 43.
[SeqClu] Current index of data is 42.
[SeqClu] The number of elements that will be processed in this iteration is 1.
[SeqClu] Prototypes have been representative initialized at tick 42 with 6 and 1
[SeqClu] Iteration 44.
[SeqClu] Current index of data is 43.
[SeqClu] The number of elements that will be processed in this iteration is 1.
[SeqClu] Prototypes have been representative initialized at tick 43 with 6 and 2
[SeqClu] Iteration 45.
[SeqClu] Current index of data is 44.
[SeqClu] The number of elements that will be processed in this iteration is 1.
[SeqClu] Prototypes have been representative initialized at tick 44 with 6 and 3
[SeqClu] Iteration 46.
[SeqClu] Current index of data is 45.
[SeqClu] The number of elements that will be processed in this iteration is 1.
[SeqClu] Prototypes have been representative initialized at tick 45 with 6 and 4
[SeqClu] Iteration 47.
[SeqClu] Current index of data is 46.
[SeqClu] The number of elements that will be processed in this iteration is 1.
[SeqClu] Prototypes have been representative initialized at tick 46 with 6 and 5
[SeqClu] Iteration 48.
[SeqClu] Current index of data is 47.
[SeqClu] The number of elements that will be processed in this iteration is 1.
[SeqClu] Prototypes have been representative initialized at tick 47 with 6 and 6
[SeqClu] Prototypes have been fully initialized at tick 47 with 6 and 6
[SeqClu] Iteration 49.
[SeqClu] Current index of data is 48.
[SeqClu] The number of elements that will be processed in this iteration is 1.
[SeqClu] Iteration 50.
[SeqClu] Current index of data is 49.
[SeqClu] The number of elements that will be processed in this iteration is 1.
[SeqClu] Iteration 51.
[SeqClu] Current index of data is 50.
[SeqClu] The number of elements that will be processed in this iteration is 1.
[SeqClu] Iteration 52.
[SeqClu] Current index of data is 51.
[SeqClu] The number of elements that will be processed in this iteration is 1.
[SeqClu] Iteration 53.
[SeqClu] Current index of data is 52.
[SeqClu] The number of elements that will be processed in this iteration is 1.
[SeqClu] Iteration 54.
[SeqClu] Current index of data is 53.
[SeqClu] The number of elements that will be processed in this iteration is 1.
[SeqClu] Prototypes have been representative initialized at tick 53 with 6 and 0
[SeqClu] Iteration 55.
[SeqClu] Current index of data is 54.
[SeqClu] The number of elements that will be processed in this iteration is 1.
[SeqClu] Prototypes have been representative initialized at tick 54 with 6 and 1
[SeqClu] Iteration 56.
[SeqClu] Current index of data is 55.
[SeqClu] The number of elements that will be processed in this iteration is 1.
[SeqClu] Prototypes have been representative initialized at tick 55 with 6 and 2
[SeqClu] Iteration 57.
[SeqClu] Current index of data is 56.
[SeqClu] The number of elements that will be processed in this iteration is 1.
[SeqClu] Prototypes have been representative initialized at tick 56 with 6 and 3
[SeqClu] Iteration 58.
[SeqClu] Current index of data is 57.
[SeqClu] The number of elements that will be processed in this iteration is 1.
[SeqClu] Prototypes have been representative initialized at tick 57 with 6 and 4
[SeqClu] Iteration 59.
[SeqClu] Current index of data is 58.
[SeqClu] The number of elements that will be processed in this iteration is 1.
[SeqClu] Prototypes have been representative initialized at tick 58 with 6 and 5
[SeqClu] Iteration 60.
[SeqClu] Current index of data is 59.
[SeqClu] The number of elements that will be processed in this iteration is 1.
[SeqClu] Prototypes have been representative initialized at tick 59 with 6 and 6
[SeqClu] Prototypes have been fully initialized at tick 59 with 6 and 6
[SeqClu] Iteration 61.
[SeqClu] Current index of data is 60.
[SeqClu] The number of elements that will be processed in this iteration is 1.
[SeqClu] Candidacy determined [0, 3].
[SeqClu] Forcefully emptying buffer...
[SeqClu] Updating prototypes...
[SeqClu] Updating prototypes...
[SeqClu] Iteration 62.
[SeqClu] Current index of data is 61.
[SeqClu] The number of elements that will be processed in this iteration is 1.
[SeqClu] Candidacy determined [0, 3].
[SeqClu] Forcefully emptying buffer...
[SeqClu] Updating prototypes...
[SeqClu] Updating prototypes...
[SeqClu] Iteration 63.
[SeqClu] Current index of data is 62.
[SeqClu] The number of elements that will be processed in this iteration is 1.
[SeqClu] Candidacy determined [3, 4].
[SeqClu] Forcefully emptying buffer...
[SeqClu] Updating prototypes...
[SeqClu] Updating prototypes...
[SeqClu] Iteration 64.
[SeqClu] Current index of data is 63.
[SeqClu] The number of elements that will be processed in this iteration is 1.
[SeqClu] Candidacy determined [2].
[SeqClu] Forcefully emptying buffer...
[SeqClu] Updating prototypes...
[SeqClu] Iteration 65.
[SeqClu] Current index of data is 64.
[SeqClu] The number of elements that will be processed in this iteration is 1.
[SeqClu] Candidacy determined [4].
[SeqClu] Forcefully emptying buffer...
[SeqClu] Updating prototypes...
[SeqClu] Iteration 66.
[SeqClu] Current index of data is 65.
[SeqClu] The number of elements that will be processed in this iteration is 1.
[SeqClu] Candidacy determined [2, 3, 4].
[SeqClu] Forcefully emptying buffer...
[SeqClu] Updating prototypes...
[SeqClu] Updating prototypes...
[SeqClu] Updating prototypes...
[SeqClu] Iteration 67.
[SeqClu] Current index of data is 66.
[SeqClu] The number of elements that will be processed in this iteration is 1.
[SeqClu] Candidacy determined [0, 3, 4].
[SeqClu] Forcefully emptying buffer...
[SeqClu] Updating prototypes...
[SeqClu] Updating prototypes...
[SeqClu] Updating prototypes...
[SeqClu] Iteration 68.
[SeqClu] Current index of data is 67.
[SeqClu] The number of elements that will be processed in this iteration is 1.
[SeqClu] Candidacy determined [3, 4].
[SeqClu] Forcefully emptying buffer...
[SeqClu] Updating prototypes...
[SeqClu] Updating prototypes...
[SeqClu] Iteration 69.
[SeqClu] Current index of data is 68.
[SeqClu] The number of elements that will be processed in this iteration is 1.
[SeqClu] Candidacy determined [0, 2, 3, 4].
[SeqClu] Forcefully emptying buffer...
[SeqClu] Updating prototypes...
[SeqClu] Updating prototypes...
[SeqClu] Updating prototypes...
[SeqClu] Updating prototypes...
[SeqClu] Iteration 70.
[SeqClu] Current index of data is 69.
[SeqClu] The number of elements that will be processed in this iteration is 1.
[SeqClu] Candidacy determined [4].
[SeqClu] Forcefully emptying buffer...
[SeqClu] Updating prototypes...
[SeqClu] Iteration 71.
[SeqClu] Current index of data is 70.
[SeqClu] The number of elements that will be processed in this iteration is 1.
[SeqClu] Candidacy determined [0, 2, 3].
[SeqClu] Forcefully emptying buffer...
[SeqClu] Updating prototypes...
[SeqClu] Updating prototypes...
[SeqClu] Updating prototypes...
[SeqClu] Iteration 72.
[SeqClu] Current index of data is 71.
[SeqClu] The number of elements that will be processed in this iteration is 1.
[SeqClu] Candidacy determined [2, 3, 4].
[SeqClu] Forcefully emptying buffer...
[SeqClu] Updating prototypes...
[SeqClu] Updating prototypes...
[SeqClu] Updating prototypes...
[SeqClu] Iteration 73.
[SeqClu] Current index of data is 72.
[SeqClu] The number of elements that will be processed in this iteration is 1.
[SeqClu] Candidacy determined [2].
[SeqClu] Forcefully emptying buffer...
[SeqClu] Updating prototypes...
[SeqClu] Iteration 74.
[SeqClu] Current index of data is 73.
[SeqClu] The number of elements that will be processed in this iteration is 1.
[SeqClu] Candidacy determined [4].
[SeqClu] Forcefully emptying buffer...
[SeqClu] Updating prototypes...
[SeqClu] Iteration 75.
[SeqClu] Current index of data is 74.
[SeqClu] The number of elements that will be processed in this iteration is 1.
[SeqClu] Candidacy determined [].
[SeqClu] Iteration 76.
[SeqClu] Current index of data is 75.
[SeqClu] The number of elements that will be processed in this iteration is 1.
[SeqClu] Candidacy determined [3, 4].
[SeqClu] Forcefully emptying buffer...
[SeqClu] Updating prototypes...
[SeqClu] Updating prototypes...
[SeqClu] Iteration 77.
[SeqClu] Current index of data is 76.
[SeqClu] The number of elements that will be processed in this iteration is 1.
[SeqClu] Candidacy determined [0, 3, 4].
[SeqClu] Forcefully emptying buffer...
[SeqClu] Updating prototypes...
[SeqClu] Updating prototypes...
[SeqClu] Updating prototypes...
[SeqClu] Iteration 78.
[SeqClu] Current index of data is 77.
[SeqClu] The number of elements that will be processed in this iteration is 1.
[SeqClu] Candidacy determined [2, 3, 4].
[SeqClu] Forcefully emptying buffer...
[SeqClu] Updating prototypes...
[SeqClu] Updating prototypes...
[SeqClu] Updating prototypes...
[SeqClu] Iteration 79.
[SeqClu] Current index of data is 78.
[SeqClu] The number of elements that will be processed in this iteration is 1.
[SeqClu] Candidacy determined [2, 3].
[SeqClu] Forcefully emptying buffer...
[SeqClu] Updating prototypes...
[SeqClu] Updating prototypes...
[SeqClu] Iteration 80.
[SeqClu] Current index of data is 79.
[SeqClu] The number of elements that will be processed in this iteration is 1.
[SeqClu] Candidacy determined [].
[SeqClu] Iteration 81.
[SeqClu] Current index of data is 80.
[SeqClu] The number of elements that will be processed in this iteration is 1.
[SeqClu] Candidacy determined [2, 3, 4].
[SeqClu] Forcefully emptying buffer...
[SeqClu] Updating prototypes...
[SeqClu] Updating prototypes...
[SeqClu] Updating prototypes...
[SeqClu] Iteration 82.
[SeqClu] Current index of data is 81.
[SeqClu] The number of elements that will be processed in this iteration is 1.
[SeqClu] Candidacy determined [].
[SeqClu] Iteration 83.
[SeqClu] Current index of data is 82.
[SeqClu] The number of elements that will be processed in this iteration is 1.
[SeqClu] Candidacy determined [4].
[SeqClu] Forcefully emptying buffer...
[SeqClu] Updating prototypes...
[SeqClu] Iteration 84.
[SeqClu] Current index of data is 83.
[SeqClu] The number of elements that will be processed in this iteration is 1.
[SeqClu] Candidacy determined [1, 2, 3].
[SeqClu] Forcefully emptying buffer...
[SeqClu] Updating prototypes...
[SeqClu] Updating prototypes...
[SeqClu] Updating prototypes...
[SeqClu] Iteration 85.
[SeqClu] Current index of data is 84.
[SeqClu] The number of elements that will be processed in this iteration is 1.
[SeqClu] Candidacy determined [4].
[SeqClu] Forcefully emptying buffer...
[SeqClu] Updating prototypes...
[SeqClu] Iteration 86.
[SeqClu] Current index of data is 85.
[SeqClu] The number of elements that will be processed in this iteration is 1.
[SeqClu] Candidacy determined [0, 2, 3].
[SeqClu] Forcefully emptying buffer...
[SeqClu] Updating prototypes...
[SeqClu] Updating prototypes...
[SeqClu] Updating prototypes...
[SeqClu] Iteration 87.
[SeqClu] Current index of data is 86.
[SeqClu] The number of elements that will be processed in this iteration is 1.
[SeqClu] Candidacy determined [4].
[SeqClu] Forcefully emptying buffer...
[SeqClu] Updating prototypes...
[SeqClu] Iteration 88.
[SeqClu] Current index of data is 87.
[SeqClu] The number of elements that will be processed in this iteration is 1.
[SeqClu] Candidacy determined [].
[SeqClu] Iteration 89.
[SeqClu] Current index of data is 88.
[SeqClu] The number of elements that will be processed in this iteration is 1.
[SeqClu] Candidacy determined [3, 4].
[SeqClu] Forcefully emptying buffer...
[SeqClu] Updating prototypes...
[SeqClu] Updating prototypes...
[SeqClu] Iteration 90.
[SeqClu] Current index of data is 89.
[SeqClu] The number of elements that will be processed in this iteration is 1.
[SeqClu] Candidacy determined [].
[SeqClu] Iteration 91.
[SeqClu] Current index of data is 90.
[SeqClu] The number of elements that will be processed in this iteration is 1.
[SeqClu] Candidacy determined [].
[SeqClu] Iteration 92.
[SeqClu] Current index of data is 91.
[SeqClu] The number of elements that will be processed in this iteration is 1.
[SeqClu] Candidacy determined [0, 2, 3].
[SeqClu] Forcefully emptying buffer...
[SeqClu] Updating prototypes...
[SeqClu] Updating prototypes...
[SeqClu] Updating prototypes...
[SeqClu] Iteration 93.
[SeqClu] Current index of data is 92.
[SeqClu] The number of elements that will be processed in this iteration is 1.
[SeqClu] Candidacy determined [3].
[SeqClu] Forcefully emptying buffer...
[SeqClu] Updating prototypes...
[SeqClu] Iteration 94.
[SeqClu] Current index of data is 93.
[SeqClu] The number of elements that will be processed in this iteration is 1.
[SeqClu] Candidacy determined [].
[SeqClu] Iteration 95.
[SeqClu] Current index of data is 94.
[SeqClu] The number of elements that will be processed in this iteration is 1.
[SeqClu] Candidacy determined [].
[SeqClu] Iteration 96.
[SeqClu] Current index of data is 95.
[SeqClu] The number of elements that will be processed in this iteration is 1.
[SeqClu] Candidacy determined [1, 2, 3].
[SeqClu] Forcefully emptying buffer...
[SeqClu] Updating prototypes...
[SeqClu] Updating prototypes...
[SeqClu] Updating prototypes...
[SeqClu] Iteration 97.
[SeqClu] Current index of data is 96.
[SeqClu] The number of elements that will be processed in this iteration is 1.
[SeqClu] Candidacy determined [0, 2, 3, 4].
[SeqClu] Forcefully emptying buffer...
[SeqClu] Updating prototypes...
[SeqClu] Updating prototypes...
[SeqClu] Updating prototypes...
[SeqClu] Updating prototypes...
[SeqClu] Iteration 98.
[SeqClu] Current index of data is 97.
[SeqClu] The number of elements that will be processed in this iteration is 1.
[SeqClu] Candidacy determined [0, 3].
[SeqClu] Forcefully emptying buffer...
[SeqClu] Updating prototypes...
[SeqClu] Updating prototypes...
[SeqClu] Iteration 99.
[SeqClu] Current index of data is 98.
[SeqClu] The number of elements that will be processed in this iteration is 1.
[SeqClu] Candidacy determined [2, 3, 4].
[SeqClu] Forcefully emptying buffer...
[SeqClu] Updating prototypes...
[SeqClu] Updating prototypes...
[SeqClu] Updating prototypes...
[SeqClu] Iteration 100.
[SeqClu] Current index of data is 99.
[SeqClu] The number of elements that will be processed in this iteration is 1.
[SeqClu] Candidacy determined [2].
[SeqClu] Forcefully emptying buffer...
[SeqClu] Updating prototypes...
[SeqClu] Iteration 101.
[SeqClu] Current index of data is 100.
[SeqClu] The number of elements that will be processed in this iteration is 1.
[SeqClu] Candidacy determined [].
[SeqClu] Iteration 102.
[SeqClu] Current index of data is 101.
[SeqClu] The number of elements that will be processed in this iteration is 1.
[SeqClu] Candidacy determined [4].
[SeqClu] Forcefully emptying buffer...
[SeqClu] Updating prototypes...
[SeqClu] Iteration 103.
[SeqClu] Current index of data is 102.
[SeqClu] The number of elements that will be processed in this iteration is 1.
[SeqClu] Candidacy determined [4].
[SeqClu] Forcefully emptying buffer...
[SeqClu] Updating prototypes...
[SeqClu] Iteration 104.
[SeqClu] Current index of data is 103.
[SeqClu] The number of elements that will be processed in this iteration is 1.
[SeqClu] Candidacy determined [2, 3].
[SeqClu] Forcefully emptying buffer...
[SeqClu] Updating prototypes...
[SeqClu] Updating prototypes...
[SeqClu] Iteration 105.
[SeqClu] Current index of data is 104.
[SeqClu] The number of elements that will be processed in this iteration is 1.
[SeqClu] Candidacy determined [].
[SeqClu] Iteration 106.
[SeqClu] Current index of data is 105.
[SeqClu] The number of elements that will be processed in this iteration is 1.
[SeqClu] Candidacy determined [0, 2, 3].
[SeqClu] Forcefully emptying buffer...
[SeqClu] Updating prototypes...
[SeqClu] Updating prototypes...
[SeqClu] Updating prototypes...
[SeqClu] Iteration 107.
[SeqClu] Current index of data is 106.
[SeqClu] The number of elements that will be processed in this iteration is 1.
[SeqClu] Candidacy determined [4].
[SeqClu] Forcefully emptying buffer...
[SeqClu] Updating prototypes...
[SeqClu] Iteration 108.
[SeqClu] Current index of data is 107.
[SeqClu] The number of elements that will be processed in this iteration is 1.
[SeqClu] Candidacy determined [0, 2, 3].
[SeqClu] Forcefully emptying buffer...
[SeqClu] Updating prototypes...
[SeqClu] Updating prototypes...
[SeqClu] Updating prototypes...
[SeqClu] Iteration 109.
[SeqClu] Current index of data is 108.
[SeqClu] The number of elements that will be processed in this iteration is 1.
[SeqClu] Candidacy determined [0, 2, 3].
[SeqClu] Forcefully emptying buffer...
[SeqClu] Updating prototypes...
[SeqClu] Updating prototypes...
[SeqClu] Updating prototypes...
[SeqClu] Iteration 110.
[SeqClu] Current index of data is 109.
[SeqClu] The number of elements that will be processed in this iteration is 1.
[SeqClu] Candidacy determined [].
[SeqClu] Iteration 111.
[SeqClu] Current index of data is 110.
[SeqClu] The number of elements that will be processed in this iteration is 1.
[SeqClu] Candidacy determined [].
[SeqClu] Iteration 112.
[SeqClu] Current index of data is 111.
[SeqClu] The number of elements that will be processed in this iteration is 1.
[SeqClu] Candidacy determined [0, 2, 3].
[SeqClu] Forcefully emptying buffer...
[SeqClu] Updating prototypes...
[SeqClu] Updating prototypes...
[SeqClu] Updating prototypes...
[SeqClu] Iteration 113.
[SeqClu] Current index of data is 112.
[SeqClu] The number of elements that will be processed in this iteration is 1.
[SeqClu] Candidacy determined [].
[SeqClu] Iteration 114.
[SeqClu] Current index of data is 113.
[SeqClu] The number of elements that will be processed in this iteration is 1.
[SeqClu] Candidacy determined [].
[SeqClu] Iteration 115.
[SeqClu] Current index of data is 114.
[SeqClu] The number of elements that will be processed in this iteration is 1.
[SeqClu] Candidacy determined [].
[SeqClu] Iteration 116.
[SeqClu] Current index of data is 115.
[SeqClu] The number of elements that will be processed in this iteration is 1.
[SeqClu] Candidacy determined [0, 3].
[SeqClu] Forcefully emptying buffer...
[SeqClu] Updating prototypes...
[SeqClu] Updating prototypes...
[SeqClu] Iteration 117.
[SeqClu] Current index of data is 116.
[SeqClu] The number of elements that will be processed in this iteration is 1.
[SeqClu] Candidacy determined [2].
[SeqClu] Forcefully emptying buffer...
[SeqClu] Updating prototypes...
[SeqClu] Iteration 118.
[SeqClu] Current index of data is 117.
[SeqClu] The number of elements that will be processed in this iteration is 1.
[SeqClu] Candidacy determined [3].
[SeqClu] Forcefully emptying buffer...
[SeqClu] Updating prototypes...
[SeqClu] Iteration 119.
[SeqClu] Current index of data is 118.
[SeqClu] The number of elements that will be processed in this iteration is 1.
[SeqClu] Candidacy determined [0, 2, 3].
[SeqClu] Forcefully emptying buffer...
[SeqClu] Updating prototypes...
[SeqClu] Updating prototypes...
[SeqClu] Updating prototypes...
[SeqClu] Iteration 120.
[SeqClu] Current index of data is 119.
[SeqClu] The number of elements that will be processed in this iteration is 1.
[SeqClu] Candidacy determined [].
[SeqClu] Iteration 121.
[SeqClu] Current index of data is 120.
[SeqClu] The number of elements that will be processed in this iteration is 1.
[SeqClu] Candidacy determined [].
[SeqClu] Iteration 122.
[SeqClu] Current index of data is 121.
[SeqClu] The number of elements that will be processed in this iteration is 1.
[SeqClu] Candidacy determined [4].
[SeqClu] Forcefully emptying buffer...
[SeqClu] Updating prototypes...
[SeqClu] Iteration 123.
[SeqClu] Current index of data is 122.
[SeqClu] The number of elements that will be processed in this iteration is 1.
[SeqClu] Candidacy determined [0, 2, 3].
[SeqClu] Forcefully emptying buffer...
[SeqClu] Updating prototypes...
[SeqClu] Updating prototypes...
[SeqClu] Updating prototypes...
[SeqClu] Iteration 124.
[SeqClu] Current index of data is 123.
[SeqClu] The number of elements that will be processed in this iteration is 1.
[SeqClu] Candidacy determined [2].
[SeqClu] Forcefully emptying buffer...
[SeqClu] Updating prototypes...
[SeqClu] Iteration 125.
[SeqClu] Current index of data is 124.
[SeqClu] The number of elements that will be processed in this iteration is 1.
[SeqClu] Candidacy determined [4].
[SeqClu] Forcefully emptying buffer...
[SeqClu] Updating prototypes...
[SeqClu] Iteration 126.
[SeqClu] Current index of data is 125.
[SeqClu] The number of elements that will be processed in this iteration is 1.
[SeqClu] Candidacy determined [2].
[SeqClu] Forcefully emptying buffer...
[SeqClu] Updating prototypes...
[SeqClu] Iteration 127.
[SeqClu] Current index of data is 126.
[SeqClu] The number of elements that will be processed in this iteration is 1.
[SeqClu] Candidacy determined [].
[SeqClu] Iteration 128.
[SeqClu] Current index of data is 127.
[SeqClu] The number of elements that will be processed in this iteration is 1.
[SeqClu] Candidacy determined [2].
[SeqClu] Forcefully emptying buffer...
[SeqClu] Updating prototypes...
[SeqClu] Iteration 129.
[SeqClu] Current index of data is 128.
[SeqClu] The number of elements that will be processed in this iteration is 1.
[SeqClu] Candidacy determined [].
[SeqClu] Iteration 130.
[SeqClu] Current index of data is 129.
[SeqClu] The number of elements that will be processed in this iteration is 1.
[SeqClu] Candidacy determined [].
[SeqClu] Iteration 131.
[SeqClu] Current index of data is 130.
[SeqClu] The number of elements that will be processed in this iteration is 1.
[SeqClu] Candidacy determined [3].
[SeqClu] Forcefully emptying buffer...
[SeqClu] Updating prototypes...
[SeqClu] Iteration 132.
[SeqClu] Current index of data is 131.
[SeqClu] The number of elements that will be processed in this iteration is 1.
[SeqClu] Candidacy determined [0, 3].
[SeqClu] Forcefully emptying buffer...
[SeqClu] Updating prototypes...
[SeqClu] Updating prototypes...
[SeqClu] Iteration 133.
[SeqClu] Current index of data is 132.
[SeqClu] The number of elements that will be processed in this iteration is 1.
[SeqClu] Candidacy determined [].
[SeqClu] Iteration 134.
[SeqClu] Current index of data is 133.
[SeqClu] The number of elements that will be processed in this iteration is 1.
[SeqClu] Candidacy determined [].
[SeqClu] Iteration 135.
[SeqClu] Current index of data is 134.
[SeqClu] The number of elements that will be processed in this iteration is 1.
[SeqClu] Candidacy determined [].
[SeqClu] Iteration 136.
[SeqClu] Current index of data is 135.
[SeqClu] The number of elements that will be processed in this iteration is 1.
[SeqClu] Candidacy determined [].
[SeqClu] Iteration 137.
[SeqClu] Current index of data is 136.
[SeqClu] The number of elements that will be processed in this iteration is 1.
[SeqClu] Candidacy determined [].
[SeqClu] Iteration 138.
[SeqClu] Current index of data is 137.
[SeqClu] The number of elements that will be processed in this iteration is 1.
[SeqClu] Candidacy determined [0, 2, 3].
[SeqClu] Forcefully emptying buffer...
[SeqClu] Updating prototypes...
[SeqClu] Updating prototypes...
[SeqClu] Updating prototypes...
[SeqClu] Iteration 139.
[SeqClu] Current index of data is 138.
[SeqClu] The number of elements that will be processed in this iteration is 1.
[SeqClu] Candidacy determined [4].
[SeqClu] Forcefully emptying buffer...
[SeqClu] Updating prototypes...
[SeqClu] Iteration 140.
[SeqClu] Current index of data is 139.
[SeqClu] The number of elements that will be processed in this iteration is 1.
[SeqClu] Candidacy determined [].
[SeqClu] Iteration 141.
[SeqClu] Current index of data is 140.
[SeqClu] The number of elements that will be processed in this iteration is 1.
[SeqClu] Candidacy determined [].
[SeqClu] Iteration 142.
[SeqClu] Current index of data is 141.
[SeqClu] The number of elements that will be processed in this iteration is 1.
[SeqClu] Candidacy determined [].
[SeqClu] Iteration 143.
[SeqClu] Current index of data is 142.
[SeqClu] The number of elements that will be processed in this iteration is 1.
[SeqClu] Candidacy determined [].
[SeqClu] Iteration 144.
[SeqClu] Current index of data is 143.
[SeqClu] The number of elements that will be processed in this iteration is 1.
[SeqClu] Candidacy determined [4].
[SeqClu] Forcefully emptying buffer...
[SeqClu] Updating prototypes...
[SeqClu] Iteration 145.
[SeqClu] Current index of data is 144.
[SeqClu] The number of elements that will be processed in this iteration is 1.
[SeqClu] Candidacy determined [2].
[SeqClu] Forcefully emptying buffer...
[SeqClu] Updating prototypes...
[SeqClu] Iteration 146.
[SeqClu] Current index of data is 145.
[SeqClu] The number of elements that will be processed in this iteration is 1.
[SeqClu] Candidacy determined [].
[SeqClu] Iteration 147.
[SeqClu] Current index of data is 146.
[SeqClu] The number of elements that will be processed in this iteration is 1.
[SeqClu] Candidacy determined [3].
[SeqClu] Forcefully emptying buffer...
[SeqClu] Updating prototypes...
[SeqClu] Iteration 148.
[SeqClu] Current index of data is 147.
[SeqClu] The number of elements that will be processed in this iteration is 1.
[SeqClu] Candidacy determined [2].
[SeqClu] Forcefully emptying buffer...
[SeqClu] Updating prototypes...
[SeqClu] Iteration 149.
[SeqClu] Current index of data is 148.
[SeqClu] The number of elements that will be processed in this iteration is 1.
[SeqClu] Candidacy determined [].
[SeqClu] Iteration 150.
[SeqClu] Current index of data is 149.
[SeqClu] The number of elements that will be processed in this iteration is 1.
[SeqClu] Candidacy determined [].
[SeqClu] Iteration 151.
[SeqClu] Current index of data is 150.
[SeqClu] The number of elements that will be processed in this iteration is 1.
[SeqClu] Candidacy determined [4].
[SeqClu] Forcefully emptying buffer...
[SeqClu] Updating prototypes...
[SeqClu] Iteration 152.
[SeqClu] Current index of data is 151.
[SeqClu] The number of elements that will be processed in this iteration is 1.
[SeqClu] Candidacy determined [4].
[SeqClu] Forcefully emptying buffer...
[SeqClu] Updating prototypes...
[SeqClu] Iteration 153.
[SeqClu] Current index of data is 152.
[SeqClu] The number of elements that will be processed in this iteration is 1.
[SeqClu] Candidacy determined [].
[SeqClu] Iteration 154.
[SeqClu] Current index of data is 153.
[SeqClu] The number of elements that will be processed in this iteration is 1.
[SeqClu] Candidacy determined [4].
[SeqClu] Forcefully emptying buffer...
[SeqClu] Updating prototypes...
[SeqClu] Iteration 155.
[SeqClu] Current index of data is 154.
[SeqClu] The number of elements that will be processed in this iteration is 1.
[SeqClu] Candidacy determined [3].
[SeqClu] Forcefully emptying buffer...
[SeqClu] Updating prototypes...
[SeqClu] Iteration 156.
[SeqClu] Current index of data is 155.
[SeqClu] The number of elements that will be processed in this iteration is 1.
[SeqClu] Candidacy determined [].
[SeqClu] Iteration 157.
[SeqClu] Current index of data is 156.
[SeqClu] The number of elements that will be processed in this iteration is 1.
[SeqClu] Candidacy determined [].
[SeqClu] Iteration 158.
[SeqClu] Current index of data is 157.
[SeqClu] The number of elements that will be processed in this iteration is 1.
[SeqClu] Candidacy determined [].
[SeqClu] Iteration 159.
[SeqClu] Current index of data is 158.
[SeqClu] The number of elements that will be processed in this iteration is 1.
[SeqClu] Candidacy determined [4].
[SeqClu] Forcefully emptying buffer...
[SeqClu] Updating prototypes...
[SeqClu] Iteration 160.
[SeqClu] Current index of data is 159.
[SeqClu] The number of elements that will be processed in this iteration is 1.
[SeqClu] Candidacy determined [4].
[SeqClu] Forcefully emptying buffer...
[SeqClu] Updating prototypes...
[SeqClu] Iteration 161.
[SeqClu] Current index of data is 160.
[SeqClu] The number of elements that will be processed in this iteration is 1.
[SeqClu] Candidacy determined [].
[SeqClu] Iteration 162.
[SeqClu] Current index of data is 161.
[SeqClu] The number of elements that will be processed in this iteration is 1.
[SeqClu] Candidacy determined [0, 3].
[SeqClu] Forcefully emptying buffer...
[SeqClu] Updating prototypes...
[SeqClu] Updating prototypes...
[SeqClu] Iteration 163.
[SeqClu] Current index of data is 162.
[SeqClu] The number of elements that will be processed in this iteration is 1.
[SeqClu] Candidacy determined [2].
[SeqClu] Forcefully emptying buffer...
[SeqClu] Updating prototypes...
[SeqClu] Iteration 164.
[SeqClu] Current index of data is 163.
[SeqClu] The number of elements that will be processed in this iteration is 1.
[SeqClu] Candidacy determined [4].
[SeqClu] Forcefully emptying buffer...
[SeqClu] Updating prototypes...
[SeqClu] Iteration 165.
[SeqClu] Current index of data is 164.
[SeqClu] The number of elements that will be processed in this iteration is 1.
[SeqClu] Candidacy determined [3].
[SeqClu] Forcefully emptying buffer...
[SeqClu] Updating prototypes...
[SeqClu] Iteration 166.
[SeqClu] Current index of data is 165.
[SeqClu] The number of elements that will be processed in this iteration is 1.
[SeqClu] Candidacy determined [0, 3].
[SeqClu] Forcefully emptying buffer...
[SeqClu] Updating prototypes...
[SeqClu] Updating prototypes...
[SeqClu] Iteration 167.
[SeqClu] Current index of data is 166.
[SeqClu] The number of elements that will be processed in this iteration is 1.
[SeqClu] Candidacy determined [0].
[SeqClu] Forcefully emptying buffer...
[SeqClu] Updating prototypes...
[SeqClu] Iteration 168.
[SeqClu] Current index of data is 167.
[SeqClu] The number of elements that will be processed in this iteration is 1.
[SeqClu] Candidacy determined [].
[SeqClu] Iteration 169.
[SeqClu] Current index of data is 168.
[SeqClu] The number of elements that will be processed in this iteration is 1.
[SeqClu] Candidacy determined [2].
[SeqClu] Forcefully emptying buffer...
[SeqClu] Updating prototypes...
[SeqClu] Iteration 170.
[SeqClu] Current index of data is 169.
[SeqClu] The number of elements that will be processed in this iteration is 1.
[SeqClu] Candidacy determined [1, 2].
[SeqClu] Forcefully emptying buffer...
[SeqClu] Updating prototypes...
[SeqClu] Updating prototypes...
[SeqClu] Iteration 171.
[SeqClu] Current index of data is 170.
[SeqClu] The number of elements that will be processed in this iteration is 1.
[SeqClu] Candidacy determined [].
[SeqClu] Iteration 172.
[SeqClu] Current index of data is 171.
[SeqClu] The number of elements that will be processed in this iteration is 1.
[SeqClu] Candidacy determined [].
[SeqClu] Iteration 173.
[SeqClu] Current index of data is 172.
[SeqClu] The number of elements that will be processed in this iteration is 1.
[SeqClu] Candidacy determined [].
[SeqClu] Iteration 174.
[SeqClu] Current index of data is 173.
[SeqClu] The number of elements that will be processed in this iteration is 1.
[SeqClu] Candidacy determined [].
[SeqClu] Iteration 175.
[SeqClu] Current index of data is 174.
[SeqClu] The number of elements that will be processed in this iteration is 1.
[SeqClu] Candidacy determined [0, 3].
[SeqClu] Forcefully emptying buffer...
[SeqClu] Updating prototypes...
[SeqClu] Updating prototypes...
[SeqClu] Iteration 176.
[SeqClu] Current index of data is 175.
[SeqClu] The number of elements that will be processed in this iteration is 1.
[SeqClu] Candidacy determined [].
[SeqClu] Iteration 177.
[SeqClu] Current index of data is 176.
[SeqClu] The number of elements that will be processed in this iteration is 1.
[SeqClu] The algorithm finished executing. Processing the buffer and returning...
[SeqClu] Buffered sequences are set()
[SeqClu] Sequences clustered by approximation are {'0f79569b', 'd29216c8', 'eb657780', 'a1264b54', '2371c6a2', '6b2cde41', 'dc24ab44', 'a428da62', 'ef4f8324', 'dae0ad4f', 'b74c2b1c', '677f5e8b', 'efeedd1f', '449dbb2e', '8df29f81', '1b1f4e89', 'ba6e7c4a', 'cc0a3483', '94aa56a1', '43a42008', 'ccbf955f', '8ac4d5be', '7b41ff90', '28ebbe0b', '75ebc5d9', '4e2aa915', '41cf05ef', 'c326d118', '9809d07f', '3ead38b7', '2ca3d5cc', '8d0e88b3'}
[SeqClu] The results of the implementation of SeqClu are as follows.
[SeqClu] The result provided by the 'SeqClu' algorithm is as follows.
{'bdf4fda1': 'O', '6126b9c9': 'O', '74f89b04': 'O', 'e9faa4cc': '5', '73da52af': '5', '2ef44daf': 'W', '8d9c8fc1': 'W', 'cedcc413': '9', '52eafac6': '9', 'b3c5643c': '2', '1085e61d': '9', '1fcd376a': 'O', 'c417498f': '5', 'e659dff6': '5', '295ff276': 'W', '47d34cbb': 'W', 'adb1ff2e': 'O', '3b071a8b': '5', '933deba4': 'W', 'd6d1473c': 'O', '797a825c': 'W', 'b81c59f8': 'W', '1a525726': '5', '3002d3e1': '5', '4ef8ba57': 'O', '0dd66cc3': '9', '07d5a3ee': '9', '4e152017': 'W', '6b2cde41': 'W', '80666255': 'W', '7a2e4832': 'W', 'efeedd1f': 'O', '473d46b8': 'O', 'cb30c29c': '5', 'ac173cf3': '5', 'dc24ab44': 'W', '21b7fd73': '5', '3162588d': '5', 'ba6e7c4a': 'W', 'a428da62': 'W', 'a37c250f': '2', '1a9e2f84': '9', 'eb1468b0': '5', 'a7fe6878': '9', '8df29f81': 'W', 'e921b17e': '5', 'f08aaf85': '5', 'ccbf955f': 'W', '3e712c3b': 'O', 'bc2f57a1': 'W', '31d1966f': 'W', 'c2e5bc3b': 'O', '0b371e7d': '5', 'c64b021a': '5', '2ac321dd': 'O', 'f418fa11': 'O', '6e6e22ef': 'W', 'e0b646d4': '2', '03f9a7c2': '9', '93a1ddc9': '9', 'bbfa3eb0': '5', '7e1a26ed': '5', '77d9cb4e': '5', '352889ef': '5', 'e36aa35d': 'O', '2ca204ac': '2', '2ca3d5cc': 'W', '199e6dc7': 'W', '349725c2': 'W', '2371c6a2': 'W', '6f193b31': '5', '16ff79cb': 'O', '4ef46c45': '5', '8dac6101': 'W', '4eb1df54': 'W', '1d7d1496': '5', '4f838114': '5', '264ed0d0': '5', '8ac4d5be': 'O', '4ccb3dd9': '2', '17fc021f': '5', '2e06ec79': '9', 'd29216c8': '2', '2beceec1': 'O', 'bd3f48df': '5', '69a451fd': '9', 'ef7ca957': '9', '859a6067': 'O', 'bde8aa4e': '5', '1b1f4e89': '2', '94aa56a1': 'O', '50969267': 'W', '49b38b7f': 'O', 'edcd0ecc': '9', '4e2aa915': 'W', '7ce0fa09': '9', '2becc972': '9', '0f79569b': 'O', '677f5e8b': '2', '7b41ff90': '2', '03b429ad': 'W', 'c0176f15': 'O', 'c590f4da': '5', 'e6156839': '9', 'bde6d686': 'O', 'b784c4b6': 'O', '8a130fb7': 'W', 'cc0a3483': 'O', '3977b9db': '5', 'cdf3709b': 'W', 'beeebf86': '9', 'dfec2275': 'O', 'e43d7d4f': 'O', '966109b0': 'O', '449dbb2e': 'W', 'e75c9aab': '2', '9809d07f': '2', 'f3453d3c': '5', '7b3de861': '9', '41cf05ef': '2', '0a10826d': 'O', '06e40d21': 'W', 'ef4f8324': 'W', 'b21c84cb': '9', '7c4cd0d9': 'W', '34f40742': '5', '28ebbe0b': 'O', 'fa61df8d': '9', '3f0aa84b': '5', '715332c9': 'W', 'dae0ad4f': 'W', '43a42008': 'O', 'f0881bae': '5', '0755e139': '9', 'eb657780': 'W', 'cda22c0d': '5', '4d52ec11': '5', '7a77582d': '5', '75ebc5d9': 'O', 'cad8a262': 'O', '84754bea': '9', '8d0e88b3': '2', 'b74c2b1c': 'W', '23d1ab56': '5', 'a0e0db58': '9', 'c326d118': 'O', 'a1264b54': 'O', '3ead38b7': '2', '6b5e11b4': 'O', '73691a6b': 'O', '2a64efc4': 'O', '9c479a03': 'O', '5ac133ba': 'O', 'ff24fe7c': 'O', '6756bc76': 'O', '7420af12': 'O', '37a6ada9': '2', '482fed89': '2', 'd8db634f': '2', 'bf78cd68': '2', '1332e09f': '2', '24acc8e9': '2', '89234e21': '2', '7913451a': '2', '472b7fc1': '2', '76c30e17': '2', '396fca49': '9', '29d8b0f5': '9', 'afb084b9': '9', 'a2c79076': '9', 'c3999a82': '9', '7b8a937e': '9', '4cd6f30f': 'W', '89a684ef': 'W', '78ae25b3': 'W', '4f8ec214': 'W'}
[SeqClu] The amount of labels provided is 176.
[SeqClu] The amount of correct predictions is 134.
[SeqClu] The algorithm made 42 out of 176 mistakes.
[SeqClu] The amount of times the distance computation has been called is 5243.
[SeqClu] the SeqClu algorithm took 76.88772790000002 seconds to complete.
[SeqClu] The clustering accuracy is therefore 0.7613636363636364
[SeqClu] The F1 score (macro) is 0.7569446243632284
[SeqClu] The F1 score (micro) is 0.7613636363636364
[SeqClu] The F1 score (weighted) is 0.7728556985265698
[SeqClu] The prototype hashes are [['d6d1473c', '6b5e11b4', '6126b9c9', '7e1a26ed', '73691a6b', '2a64efc4', '9c479a03', '5ac133ba', 'ff24fe7c', '6756bc76', 'c64b021a', '7420af12'], ['37a6ada9', 'a7fe6878', '482fed89', 'd8db634f', 'bf78cd68', '1332e09f', '24acc8e9', '89234e21', '7913451a', '472b7fc1', '93a1ddc9', '76c30e17'], ['396fca49', 'a7fe6878', 'ef7ca957', '1085e61d', '07d5a3ee', '29d8b0f5', '93a1ddc9', 'afb084b9', 'a2c79076', 'c3999a82', '2becc972', '7b8a937e'], ['bd3f48df', 'c64b021a', '1d7d1496', '7a77582d', 'e659dff6', 'f0881bae', '73da52af', '17fc021f', 'bde8aa4e', '7e1a26ed', 'c590f4da', '3977b9db'], ['4cd6f30f', '4eb1df54', '8d9c8fc1', '06e40d21', '7c4cd0d9', '31d1966f', '715332c9', 'cdf3709b', '89a684ef', '78ae25b3', '7a2e4832', '4f8ec214']]
[SeqCluCSV] 5243,76.88772790000002,0.7613636363636364,0.7569446243632284,0.7613636363636364,0.7728556985265698
[SeqClu] Approximation: 0.9375,0.03125,0.0
[SeqClu] PrototypeAccuracy 0.3333333333333333
